<?xml version="1.0" encoding="UTF-8"?>
<coverage generated="1749170507526" clover="3.2.0">
  <project timestamp="1749170507526" name="All files">
    <metrics statements="37" coveredstatements="37" conditionals="16" coveredconditionals="15" methods="3" coveredmethods="3" elements="56" coveredelements="55" complexity="0" loc="37" ncloc="37" packages="1" files="1" classes="1"/>
    <file name="login.js" path="C:\Users\evcpa\Desktop\SpiderSAP\SpiderSystem\Back\Controllers\login.js">
      <metrics statements="37" coveredstatements="37" conditionals="16" coveredconditionals="15" methods="3" coveredmethods="3"/>
      <line num="1" count="1" type="stmt"/>
      <line num="2" count="1" type="stmt"/>
      <line num="3" count="1" type="stmt"/>
      <line num="4" count="1" type="stmt"/>
      <line num="6" count="1" type="cond" truecount="1" falsecount="1"/>
      <line num="8" count="1" type="stmt"/>
      <line num="9" count="8" type="stmt"/>
      <line num="10" count="8" type="stmt"/>
      <line num="13" count="8" type="cond" truecount="4" falsecount="0"/>
      <line num="14" count="1" type="stmt"/>
      <line num="19" count="7" type="stmt"/>
      <line num="21" count="7" type="stmt"/>
      <line num="23" count="6" type="cond" truecount="2" falsecount="0"/>
      <line num="24" count="1" type="stmt"/>
      <line num="25" count="1" type="stmt"/>
      <line num="29" count="5" type="cond" truecount="2" falsecount="0"/>
      <line num="30" count="1" type="stmt"/>
      <line num="34" count="4" type="stmt"/>
      <line num="37" count="4" type="stmt"/>
      <line num="38" count="4" type="cond" truecount="2" falsecount="0"/>
      <line num="39" count="1" type="stmt"/>
      <line num="43" count="3" type="stmt"/>
      <line num="51" count="3" type="cond" truecount="2" falsecount="0"/>
      <line num="52" count="2" type="stmt"/>
      <line num="55" count="2" type="cond" truecount="2" falsecount="0"/>
      <line num="56" count="1" type="stmt"/>
      <line num="57" count="1" type="stmt"/>
      <line num="58" count="1" type="stmt"/>
      <line num="60" count="1" type="stmt"/>
      <line num="64" count="2" type="stmt"/>
      <line num="66" count="1" type="stmt"/>
      <line num="68" count="1" type="stmt"/>
      <line num="74" count="3" type="stmt"/>
      <line num="75" count="3" type="stmt"/>
      <line num="78" count="3" type="stmt"/>
      <line num="88" count="1" type="stmt"/>
      <line num="89" count="1" type="stmt"/>
    </file>
  </project>
</coverage>
