{"/Users/hugolozano/Desktop/spidersapfinal/SpiderSystem/Back/Controllers/alertas.js": {"path":"/Users/hugolozano/Desktop/spidersapfinal/SpiderSystem/Back/Controllers/alertas.js","statementMap":{"0":{"start":{"line":1,"column":25},"end":{"line":1,"column":52}},"1":{"start":{"line":2,"column":27},"end":{"line":2,"column":71}},"2":{"start":{"line":4,"column":0},"end":{"line":25,"column":1}},"3":{"start":{"line":5,"column":4},"end":{"line":24,"column":5}},"4":{"start":{"line":6,"column":23},"end":{"line":6,"column":62}},"5":{"start":{"line":8,"column":8},"end":{"line":10,"column":9}},"6":{"start":{"line":9,"column":12},"end":{"line":9,"column":82}},"7":{"start":{"line":12,"column":24},"end":{"line":12,"column":64}},"8":{"start":{"line":14,"column":8},"end":{"line":17,"column":11}},"9":{"start":{"line":19,"column":8},"end":{"line":19,"column":61}},"10":{"start":{"line":20,"column":8},"end":{"line":23,"column":11}}},"fnMap":{"0":{"name":"(anonymous_0)","decl":{"start":{"line":4,"column":21},"end":{"line":4,"column":22}},"loc":{"start":{"line":4,"column":41},"end":{"line":25,"column":1}},"line":4}},"branchMap":{"0":{"loc":{"start":{"line":8,"column":8},"end":{"line":10,"column":9}},"type":"if","locations":[{"start":{"line":8,"column":8},"end":{"line":10,"column":9}},{"start":{},"end":{}}],"line":8},"1":{"loc":{"start":{"line":8,"column":12},"end":{"line":8,"column":42}},"type":"binary-expr","locations":[{"start":{"line":8,"column":12},"end":{"line":8,"column":19}},{"start":{"line":8,"column":23},"end":{"line":8,"column":42}}],"line":8}},"s":{"0":1,"1":1,"2":1,"3":3,"4":3,"5":2,"6":1,"7":1,"8":1,"9":1,"10":1},"f":{"0":3},"b":{"0":[1,1],"1":[2,2]},"_coverageSchema":"1a1c01bbd47fc00a2c39e90264f33305004495a9","hash":"ce77946ef6892f60584d55a4265393477b67d7e2"}
,"/Users/hugolozano/Desktop/spidersapfinal/SpiderSystem/Back/Controllers/login.js": {"path":"/Users/hugolozano/Desktop/spidersapfinal/SpiderSystem/Back/Controllers/login.js","statementMap":{"0":{"start":{"line":1,"column":23},"end":{"line":1,"column":50}},"1":{"start":{"line":2,"column":15},"end":{"line":2,"column":34}},"2":{"start":{"line":3,"column":12},"end":{"line":3,"column":35}},"3":{"start":{"line":4,"column":0},"end":{"line":4,"column":27}},"4":{"start":{"line":6,"column":19},"end":{"line":6,"column":56}},"5":{"start":{"line":8,"column":0},"end":{"line":91,"column":2}},"6":{"start":{"line":9,"column":4},"end":{"line":90,"column":5}},"7":{"start":{"line":10,"column":36},"end":{"line":10,"column":44}},"8":{"start":{"line":13,"column":8},"end":{"line":15,"column":9}},"9":{"start":{"line":14,"column":12},"end":{"line":14,"column":90}},"10":{"start":{"line":19,"column":22},"end":{"line":19,"column":49}},"11":{"start":{"line":21,"column":8},"end":{"line":84,"column":11}},"12":{"start":{"line":23,"column":12},"end":{"line":26,"column":13}},"13":{"start":{"line":24,"column":16},"end":{"line":24,"column":79}},"14":{"start":{"line":25,"column":16},"end":{"line":25,"column":103}},"15":{"start":{"line":29,"column":12},"end":{"line":31,"column":13}},"16":{"start":{"line":30,"column":16},"end":{"line":30,"column":82}},"17":{"start":{"line":34,"column":25},"end":{"line":34,"column":34}},"18":{"start":{"line":37,"column":26},"end":{"line":37,"column":70}},"19":{"start":{"line":38,"column":12},"end":{"line":40,"column":13}},"20":{"start":{"line":39,"column":14},"end":{"line":39,"column":80}},"21":{"start":{"line":43,"column":29},"end":{"line":48,"column":13}},"22":{"start":{"line":51,"column":12},"end":{"line":69,"column":13}},"23":{"start":{"line":52,"column":16},"end":{"line":52,"column":101}},"24":{"start":{"line":55,"column":16},"end":{"line":61,"column":17}},"25":{"start":{"line":56,"column":20},"end":{"line":56,"column":100}},"26":{"start":{"line":57,"column":20},"end":{"line":57,"column":55}},"27":{"start":{"line":58,"column":20},"end":{"line":58,"column":96}},"28":{"start":{"line":60,"column":20},"end":{"line":60,"column":90}},"29":{"start":{"line":64,"column":16},"end":{"line":64,"column":49}},"30":{"start":{"line":66,"column":16},"end":{"line":66,"column":73}},"31":{"start":{"line":68,"column":16},"end":{"line":68,"column":49}},"32":{"start":{"line":74,"column":16},"end":{"line":74,"column":68}},"33":{"start":{"line":75,"column":30},"end":{"line":75,"column":81}},"34":{"start":{"line":78,"column":16},"end":{"line":82,"column":19}},"35":{"start":{"line":88,"column":8},"end":{"line":88,"column":59}},"36":{"start":{"line":89,"column":8},"end":{"line":89,"column":95}}},"fnMap":{"0":{"name":"(anonymous_0)","decl":{"start":{"line":8,"column":16},"end":{"line":8,"column":17}},"loc":{"start":{"line":8,"column":36},"end":{"line":91,"column":1}},"line":8},"1":{"name":"(anonymous_1)","decl":{"start":{"line":21,"column":40},"end":{"line":21,"column":41}},"loc":{"start":{"line":21,"column":63},"end":{"line":84,"column":9}},"line":21},"2":{"name":"generarTokenYResponder","decl":{"start":{"line":72,"column":21},"end":{"line":72,"column":43}},"loc":{"start":{"line":72,"column":54},"end":{"line":83,"column":13}},"line":72}},"branchMap":{"0":{"loc":{"start":{"line":6,"column":19},"end":{"line":6,"column":56}},"type":"binary-expr","locations":[{"start":{"line":6,"column":19},"end":{"line":6,"column":41}},{"start":{"line":6,"column":45},"end":{"line":6,"column":56}}],"line":6},"1":{"loc":{"start":{"line":13,"column":8},"end":{"line":15,"column":9}},"type":"if","locations":[{"start":{"line":13,"column":8},"end":{"line":15,"column":9}},{"start":{},"end":{}}],"line":13},"2":{"loc":{"start":{"line":13,"column":12},"end":{"line":13,"column":31}},"type":"binary-expr","locations":[{"start":{"line":13,"column":12},"end":{"line":13,"column":18}},{"start":{"line":13,"column":22},"end":{"line":13,"column":31}}],"line":13},"3":{"loc":{"start":{"line":23,"column":12},"end":{"line":26,"column":13}},"type":"if","locations":[{"start":{"line":23,"column":12},"end":{"line":26,"column":13}},{"start":{},"end":{}}],"line":23},"4":{"loc":{"start":{"line":29,"column":12},"end":{"line":31,"column":13}},"type":"if","locations":[{"start":{"line":29,"column":12},"end":{"line":31,"column":13}},{"start":{},"end":{}}],"line":29},"5":{"loc":{"start":{"line":38,"column":12},"end":{"line":40,"column":13}},"type":"if","locations":[{"start":{"line":38,"column":12},"end":{"line":40,"column":13}},{"start":{},"end":{}}],"line":38},"6":{"loc":{"start":{"line":51,"column":12},"end":{"line":69,"column":13}},"type":"if","locations":[{"start":{"line":51,"column":12},"end":{"line":69,"column":13}},{"start":{"line":65,"column":19},"end":{"line":69,"column":13}}],"line":51},"7":{"loc":{"start":{"line":55,"column":16},"end":{"line":61,"column":17}},"type":"if","locations":[{"start":{"line":55,"column":16},"end":{"line":61,"column":17}},{"start":{"line":59,"column":23},"end":{"line":61,"column":17}}],"line":55}},"s":{"0":1,"1":1,"2":1,"3":1,"4":1,"5":1,"6":8,"7":8,"8":8,"9":1,"10":7,"11":7,"12":6,"13":1,"14":1,"15":5,"16":1,"17":4,"18":4,"19":4,"20":1,"21":3,"22":3,"23":2,"24":2,"25":1,"26":1,"27":1,"28":1,"29":2,"30":1,"31":1,"32":3,"33":3,"34":3,"35":1,"36":1},"f":{"0":8,"1":6,"2":3},"b":{"0":[1,0],"1":[1,7],"2":[8,7],"3":[1,5],"4":[1,4],"5":[1,3],"6":[2,1],"7":[1,1]},"_coverageSchema":"1a1c01bbd47fc00a2c39e90264f33305004495a9","hash":"4b4935fe24ad512cf15bafd4283bac6035b9b177"}
}
