TN:
SF:Config/confDB.js
FN:12,connectToHANA
FN:13,(anonymous_1)
FN:42,connectToHANA5
FN:43,(anonymous_3)
FNF:4
FNH:0
FNDA:0,connectToHANA
FNDA:0,(anonymous_1)
FNDA:0,connectToHANA5
FNDA:0,(anonymous_3)
DA:2,1
DA:5,1
DA:6,1
DA:9,1
DA:10,1
DA:13,0
DA:14,0
DA:20,0
DA:21,0
DA:22,0
DA:23,0
DA:25,0
DA:28,0
DA:33,0
DA:34,0
DA:37,0
DA:43,0
DA:44,0
DA:50,0
DA:51,0
DA:52,0
DA:53,0
DA:55,0
DA:58,0
DA:63,0
DA:64,0
DA:67,0
DA:72,1
LF:28
LH:6
BRDA:5,0,0,1
BRDA:5,0,1,0
BRDA:28,1,0,0
BRDA:28,1,1,0
BRDA:33,2,0,0
BRDA:33,2,1,0
BRDA:33,3,0,0
BRDA:33,3,1,0
BRDA:58,4,0,0
BRDA:58,4,1,0
BRDA:63,5,0,0
BRDA:63,5,1,0
BRDA:63,6,0,0
BRDA:63,6,1,0
BRF:14
BRH:1
end_of_record
TN:
SF:Controllers/alertas.js
FN:4,(anonymous_0)
FNF:1
FNH:1
FNDA:3,(anonymous_0)
DA:1,1
DA:2,1
DA:4,1
DA:5,3
DA:6,3
DA:8,2
DA:9,1
DA:12,1
DA:14,1
DA:19,1
DA:20,1
LF:11
LH:11
BRDA:8,0,0,1
BRDA:8,0,1,1
BRDA:8,1,0,2
BRDA:8,1,1,2
BRF:4
BRH:4
end_of_record
TN:
SF:Controllers/compras.js
FN:6,(anonymous_0)
FN:15,(anonymous_1)
FN:21,(anonymous_2)
FN:31,(anonymous_3)
FN:58,(anonymous_4)
FN:83,(anonymous_5)
FN:105,(anonymous_6)
FN:124,(anonymous_7)
FN:134,(anonymous_8)
FN:149,(anonymous_9)
FNF:10
FNH:10
FNDA:7,(anonymous_0)
FNDA:4,(anonymous_1)
FNDA:2,(anonymous_2)
FNDA:1,(anonymous_3)
FNDA:4,(anonymous_4)
FNDA:5,(anonymous_5)
FNDA:5,(anonymous_6)
FNDA:3,(anonymous_7)
FNDA:1,(anonymous_8)
FNDA:4,(anonymous_9)
DA:1,1
DA:2,1
DA:3,1
DA:6,1
DA:7,7
DA:8,7
DA:15,1
DA:16,4
DA:17,1
DA:21,1
DA:22,2
DA:23,2
DA:26,0
DA:31,1
DA:32,1
DA:33,1
DA:39,0
DA:44,0
DA:51,0
DA:58,1
DA:59,4
DA:60,4
DA:65,3
DA:66,3
DA:70,3
DA:79,1
DA:83,1
DA:84,5
DA:85,5
DA:87,5
DA:88,2
DA:93,3
DA:94,2
DA:96,2
DA:101,1
DA:105,1
DA:106,5
DA:107,5
DA:108,4
DA:112,3
DA:113,1
DA:114,0
DA:117,1
DA:118,1
DA:120,4
DA:124,1
DA:125,3
DA:126,3
DA:128,2
DA:129,1
DA:134,1
DA:140,1
DA:145,1
DA:149,1
DA:150,4
DA:151,4
DA:153,4
DA:154,4
DA:156,1
DA:159,3
DA:160,2
DA:162,2
DA:171,1
DA:172,1
DA:174,1
LF:65
LH:60
BRDA:16,0,0,1
BRDA:16,0,1,3
BRDA:22,1,0,2
BRDA:22,1,1,0
BRDA:22,2,0,2
BRDA:22,2,1,1
BRDA:22,2,2,0
BRDA:26,3,0,0
BRDA:26,3,1,0
BRDA:26,3,2,0
BRDA:26,3,3,0
BRDA:26,3,4,0
BRDA:32,4,0,1
BRDA:32,4,1,0
BRDA:44,5,0,0
BRDA:44,5,1,0
BRDA:45,6,0,0
BRDA:45,6,1,0
BRDA:65,7,0,1
BRDA:65,7,1,2
BRDA:66,8,0,1
BRDA:66,8,1,2
BRDA:87,9,0,2
BRDA:87,9,1,3
BRDA:113,10,0,0
BRDA:113,10,1,1
BRDA:113,11,0,1
BRDA:113,11,1,1
BRDA:128,12,0,1
BRDA:128,12,1,1
BRDA:128,13,0,2
BRDA:128,13,1,2
BRDA:178,14,0,1
BRDA:178,14,1,1
BRF:34
BRH:21
end_of_record
TN:
SF:Controllers/gestionProveedores.js
FN:4,(anonymous_0)
FN:29,(anonymous_1)
FN:64,(anonymous_2)
FN:126,(anonymous_3)
FN:165,(anonymous_4)
FN:203,(anonymous_5)
FN:241,(anonymous_6)
FN:280,(anonymous_7)
FN:319,(anonymous_8)
FN:358,(anonymous_9)
FN:396,(anonymous_10)
FN:434,(anonymous_11)
FN:459,(anonymous_12)
FN:484,(anonymous_13)
FN:509,(anonymous_14)
FNF:15
FNH:9
FNDA:3,(anonymous_0)
FNDA:3,(anonymous_1)
FNDA:4,(anonymous_2)
FNDA:3,(anonymous_3)
FNDA:0,(anonymous_4)
FNDA:0,(anonymous_5)
FNDA:0,(anonymous_6)
FNDA:0,(anonymous_7)
FNDA:0,(anonymous_8)
FNDA:0,(anonymous_9)
FNDA:3,(anonymous_10)
FNDA:2,(anonymous_11)
FNDA:2,(anonymous_12)
FNDA:2,(anonymous_13)
FNDA:2,(anonymous_14)
DA:1,1
DA:2,1
DA:4,1
DA:5,3
DA:6,3
DA:8,2
DA:9,1
DA:13,1
DA:16,1
DA:17,1
DA:20,1
DA:21,1
DA:25,1
DA:29,1
DA:30,3
DA:31,3
DA:33,3
DA:34,1
DA:38,1
DA:41,2
DA:43,2
DA:44,1
DA:48,1
DA:51,1
DA:52,1
DA:55,0
DA:56,0
DA:60,0
DA:64,1
DA:65,4
DA:74,4
DA:77,4
DA:78,1
DA:82,1
DA:86,3
DA:87,3
DA:88,1
DA:91,1
DA:95,2
DA:96,2
DA:98,2
DA:103,1
DA:104,1
DA:107,1
DA:110,1
DA:111,0
DA:115,0
DA:118,1
DA:122,1
DA:126,1
DA:127,3
DA:128,3
DA:129,3
DA:131,3
DA:132,1
DA:136,1
DA:139,2
DA:140,1
DA:144,1
DA:147,1
DA:152,1
DA:153,1
DA:156,0
DA:157,0
DA:161,0
DA:165,1
DA:166,0
DA:167,0
DA:168,0
DA:170,0
DA:171,0
DA:175,0
DA:178,0
DA:179,0
DA:183,0
DA:186,0
DA:190,0
DA:191,0
DA:194,0
DA:195,0
DA:199,0
DA:203,1
DA:204,0
DA:205,0
DA:206,0
DA:208,0
DA:209,0
DA:213,0
DA:216,0
DA:217,0
DA:221,0
DA:224,0
DA:228,0
DA:229,0
DA:232,0
DA:233,0
DA:237,0
DA:241,1
DA:242,0
DA:243,0
DA:244,0
DA:246,0
DA:247,0
DA:251,0
DA:254,0
DA:255,0
DA:259,0
DA:262,0
DA:267,0
DA:268,0
DA:271,0
DA:272,0
DA:276,0
DA:280,1
DA:281,0
DA:282,0
DA:283,0
DA:285,0
DA:286,0
DA:290,0
DA:293,0
DA:294,0
DA:298,0
DA:301,0
DA:306,0
DA:307,0
DA:310,0
DA:311,0
DA:315,0
DA:319,1
DA:320,0
DA:321,0
DA:322,0
DA:324,0
DA:325,0
DA:329,0
DA:332,0
DA:333,0
DA:337,0
DA:340,0
DA:345,0
DA:346,0
DA:349,0
DA:350,0
DA:354,0
DA:358,1
DA:359,0
DA:360,0
DA:361,0
DA:363,0
DA:364,0
DA:368,0
DA:371,0
DA:372,0
DA:376,0
DA:379,0
DA:383,0
DA:384,0
DA:387,0
DA:388,0
DA:392,0
DA:396,1
DA:397,3
DA:398,3
DA:400,3
DA:401,1
DA:405,1
DA:409,2
DA:411,2
DA:412,1
DA:416,1
DA:419,1
DA:421,1
DA:422,1
DA:425,0
DA:426,0
DA:430,0
DA:434,1
DA:435,2
DA:436,2
DA:438,2
DA:439,1
DA:443,1
DA:446,1
DA:447,1
DA:450,0
DA:451,0
DA:455,0
DA:459,1
DA:460,2
DA:461,2
DA:463,2
DA:464,1
DA:468,1
DA:471,1
DA:472,1
DA:475,0
DA:476,0
DA:480,0
DA:484,1
DA:485,2
DA:486,2
DA:488,2
DA:489,1
DA:493,1
DA:496,1
DA:497,1
DA:500,0
DA:501,0
DA:505,0
DA:509,1
DA:510,2
DA:511,2
DA:513,2
DA:514,1
DA:518,1
DA:521,1
DA:522,1
DA:525,0
DA:526,0
DA:530,0
LF:221
LH:108
BRDA:8,0,0,1
BRDA:8,0,1,1
BRDA:8,1,0,2
BRDA:8,1,1,2
BRDA:33,2,0,1
BRDA:33,2,1,2
BRDA:43,3,0,1
BRDA:43,3,1,1
BRDA:43,4,0,2
BRDA:43,4,1,2
BRDA:77,5,0,1
BRDA:77,5,1,3
BRDA:77,6,0,4
BRDA:77,6,1,4
BRDA:77,6,2,3
BRDA:77,6,3,3
BRDA:77,6,4,3
BRDA:87,7,0,1
BRDA:87,7,1,2
BRDA:95,8,0,2
BRDA:95,8,1,0
BRDA:96,9,0,2
BRDA:96,9,1,0
BRDA:110,10,0,0
BRDA:110,10,1,1
BRDA:110,11,0,1
BRDA:110,11,1,1
BRDA:131,12,0,1
BRDA:131,12,1,2
BRDA:139,13,0,1
BRDA:139,13,1,1
BRDA:170,14,0,0
BRDA:170,14,1,0
BRDA:178,15,0,0
BRDA:178,15,1,0
BRDA:208,16,0,0
BRDA:208,16,1,0
BRDA:216,17,0,0
BRDA:216,17,1,0
BRDA:246,18,0,0
BRDA:246,18,1,0
BRDA:254,19,0,0
BRDA:254,19,1,0
BRDA:285,20,0,0
BRDA:285,20,1,0
BRDA:293,21,0,0
BRDA:293,21,1,0
BRDA:324,22,0,0
BRDA:324,22,1,0
BRDA:332,23,0,0
BRDA:332,23,1,0
BRDA:363,24,0,0
BRDA:363,24,1,0
BRDA:371,25,0,0
BRDA:371,25,1,0
BRDA:400,26,0,1
BRDA:400,26,1,2
BRDA:411,27,0,1
BRDA:411,27,1,1
BRDA:411,28,0,2
BRDA:411,28,1,2
BRDA:438,29,0,1
BRDA:438,29,1,1
BRDA:438,30,0,2
BRDA:438,30,1,2
BRDA:463,31,0,1
BRDA:463,31,1,1
BRDA:463,32,0,2
BRDA:463,32,1,2
BRDA:488,33,0,1
BRDA:488,33,1,1
BRDA:488,34,0,2
BRDA:488,34,1,2
BRDA:513,35,0,1
BRDA:513,35,1,1
BRDA:513,36,0,2
BRDA:513,36,1,2
BRF:77
BRH:50
end_of_record
TN:
SF:Controllers/gestionUsuarios.js
FN:15,(anonymous_0)
FN:25,(anonymous_1)
FN:43,(anonymous_2)
FN:107,(anonymous_3)
FN:124,(anonymous_4)
FN:140,(anonymous_5)
FN:178,(anonymous_6)
FNF:7
FNH:7
FNDA:2,(anonymous_0)
FNDA:3,(anonymous_1)
FNDA:6,(anonymous_2)
FNDA:3,(anonymous_3)
FNDA:3,(anonymous_4)
FNDA:4,(anonymous_5)
FNDA:2,(anonymous_6)
DA:1,1
DA:2,1
DA:3,1
DA:4,1
DA:7,1
DA:15,1
DA:16,2
DA:17,2
DA:18,1
DA:19,1
DA:21,1
DA:25,1
DA:26,3
DA:28,3
DA:30,3
DA:31,1
DA:35,2
DA:36,1
DA:37,1
DA:39,1
DA:43,1
DA:44,6
DA:45,6
DA:48,6
DA:49,1
DA:55,5
DA:56,0
DA:62,5
DA:63,1
DA:64,1
DA:68,0
DA:74,4
DA:75,1
DA:76,0
DA:80,1
DA:86,3
DA:87,3
DA:88,1
DA:94,2
DA:95,2
DA:99,2
DA:100,1
DA:101,1
DA:103,1
DA:107,1
DA:108,3
DA:109,3
DA:110,3
DA:111,3
DA:112,1
DA:116,2
DA:117,1
DA:118,1
DA:120,1
DA:124,1
DA:125,3
DA:126,3
DA:127,3
DA:128,1
DA:132,2
DA:133,1
DA:134,1
DA:136,1
DA:140,1
DA:141,4
DA:142,4
DA:145,4
DA:146,1
DA:152,3
DA:153,0
DA:159,3
DA:160,1
DA:161,1
DA:165,0
DA:170,2
DA:171,1
DA:172,1
DA:174,1
DA:178,1
DA:179,2
DA:180,2
DA:181,2
DA:182,1
DA:183,1
DA:185,1
LF:85
LH:80
BRDA:30,0,0,1
BRDA:30,0,1,2
BRDA:48,1,0,1
BRDA:48,1,1,5
BRDA:48,2,0,6
BRDA:48,2,1,5
BRDA:55,3,0,0
BRDA:55,3,1,5
BRDA:55,4,0,5
BRDA:55,4,1,5
BRDA:62,5,0,1
BRDA:62,5,1,4
BRDA:63,6,0,1
BRDA:63,6,1,0
BRDA:74,7,0,1
BRDA:74,7,1,3
BRDA:75,8,0,0
BRDA:75,8,1,1
BRDA:75,9,0,1
BRDA:75,9,1,1
BRDA:87,10,0,1
BRDA:87,10,1,2
BRDA:111,11,0,1
BRDA:111,11,1,2
BRDA:127,12,0,1
BRDA:127,12,1,2
BRDA:127,13,0,3
BRDA:127,13,1,2
BRDA:145,14,0,1
BRDA:145,14,1,3
BRDA:152,15,0,0
BRDA:152,15,1,3
BRDA:152,16,0,3
BRDA:152,16,1,3
BRDA:159,17,0,1
BRDA:159,17,1,2
BRDA:160,18,0,1
BRDA:160,18,1,0
BRF:38
BRH:33
end_of_record
TN:
SF:Controllers/inicio.js
FN:4,(anonymous_0)
FN:29,(anonymous_1)
FN:54,(anonymous_2)
FN:79,(anonymous_3)
FN:104,(anonymous_4)
FN:129,(anonymous_5)
FN:154,(anonymous_6)
FNF:7
FNH:7
FNDA:3,(anonymous_0)
FNDA:3,(anonymous_1)
FNDA:3,(anonymous_2)
FNDA:3,(anonymous_3)
FNDA:3,(anonymous_4)
FNDA:3,(anonymous_5)
FNDA:3,(anonymous_6)
DA:1,1
DA:2,1
DA:4,1
DA:5,3
DA:6,3
DA:8,2
DA:9,1
DA:13,1
DA:15,1
DA:21,1
DA:22,1
DA:29,1
DA:30,3
DA:31,3
DA:33,2
DA:34,1
DA:38,1
DA:40,1
DA:46,1
DA:47,1
DA:54,1
DA:55,3
DA:56,3
DA:58,2
DA:59,1
DA:63,1
DA:65,1
DA:71,1
DA:72,1
DA:79,1
DA:80,3
DA:81,3
DA:83,2
DA:84,1
DA:88,1
DA:90,1
DA:96,1
DA:97,1
DA:104,1
DA:105,3
DA:106,3
DA:108,2
DA:109,1
DA:113,1
DA:115,1
DA:121,1
DA:122,1
DA:129,1
DA:130,3
DA:131,3
DA:133,2
DA:134,1
DA:138,1
DA:140,1
DA:146,1
DA:147,1
DA:154,1
DA:155,3
DA:156,3
DA:158,2
DA:159,1
DA:162,1
DA:164,1
DA:169,1
DA:170,1
LF:65
LH:65
BRDA:8,0,0,1
BRDA:8,0,1,1
BRDA:8,1,0,2
BRDA:8,1,1,2
BRDA:33,2,0,1
BRDA:33,2,1,1
BRDA:33,3,0,2
BRDA:33,3,1,2
BRDA:58,4,0,1
BRDA:58,4,1,1
BRDA:58,5,0,2
BRDA:58,5,1,2
BRDA:83,6,0,1
BRDA:83,6,1,1
BRDA:83,7,0,2
BRDA:83,7,1,2
BRDA:108,8,0,1
BRDA:108,8,1,1
BRDA:108,9,0,2
BRDA:108,9,1,2
BRDA:133,10,0,1
BRDA:133,10,1,1
BRDA:133,11,0,2
BRDA:133,11,1,2
BRDA:158,12,0,1
BRDA:158,12,1,1
BRDA:158,13,0,2
BRDA:158,13,1,2
BRF:28
BRH:28
end_of_record
TN:
SF:Controllers/login.js
FN:9,(anonymous_0)
FN:21,(anonymous_1)
FN:35,(anonymous_2)
FN:46,(anonymous_3)
FNF:4
FNH:4
FNDA:3,(anonymous_0)
FNDA:2,(anonymous_1)
FNDA:8,(anonymous_2)
FNDA:6,(anonymous_3)
DA:1,1
DA:2,1
DA:3,1
DA:4,1
DA:6,1
DA:9,1
DA:10,3
DA:11,3
DA:13,3
DA:21,1
DA:22,2
DA:24,2
DA:25,1
DA:26,1
DA:27,1
DA:29,1
DA:32,2
DA:35,1
DA:36,8
DA:37,8
DA:40,8
DA:41,1
DA:44,7
DA:46,7
DA:47,6
DA:48,1
DA:49,1
DA:52,5
DA:53,1
DA:56,4
DA:57,4
DA:59,4
DA:60,1
DA:64,3
DA:72,3
DA:73,2
DA:74,2
DA:76,1
DA:77,1
DA:82,1
DA:83,1
LF:41
LH:41
BRDA:6,0,0,1
BRDA:6,0,1,0
BRDA:24,1,0,1
BRDA:24,1,1,1
BRDA:40,2,0,1
BRDA:40,2,1,7
BRDA:40,3,0,8
BRDA:40,3,1,7
BRDA:47,4,0,1
BRDA:47,4,1,5
BRDA:52,5,0,1
BRDA:52,5,1,4
BRDA:59,6,0,1
BRDA:59,6,1,3
BRDA:72,7,0,2
BRDA:72,7,1,1
BRF:16
BRH:15
end_of_record
TN:
SF:Controllers/metricas.js
FN:4,(anonymous_0)
FN:47,(anonymous_1)
FN:82,(anonymous_2)
FN:125,(anonymous_3)
FN:160,(anonymous_4)
FN:179,(anonymous_5)
FN:180,(anonymous_6)
FN:268,(anonymous_7)
FNF:8
FNH:5
FNDA:5,(anonymous_0)
FNDA:3,(anonymous_1)
FNDA:4,(anonymous_2)
FNDA:3,(anonymous_3)
FNDA:0,(anonymous_4)
FNDA:0,(anonymous_5)
FNDA:0,(anonymous_6)
FNDA:2,(anonymous_7)
DA:1,1
DA:2,1
DA:4,1
DA:5,5
DA:6,5
DA:8,5
DA:9,1
DA:13,1
DA:17,4
DA:18,1
DA:21,1
DA:24,3
DA:26,2
DA:27,1
DA:31,1
DA:34,1
DA:35,1
DA:38,1
DA:39,1
DA:43,1
DA:47,1
DA:48,3
DA:49,3
DA:51,3
DA:52,1
DA:56,1
DA:59,2
DA:61,2
DA:62,1
DA:66,1
DA:69,1
DA:70,1
DA:73,0
DA:74,0
DA:78,0
DA:82,1
DA:83,4
DA:84,4
DA:86,4
DA:87,1
DA:91,1
DA:95,3
DA:96,1
DA:99,1
DA:102,2
DA:104,2
DA:105,1
DA:109,1
DA:112,1
DA:113,1
DA:116,0
DA:117,0
DA:121,0
DA:125,1
DA:126,3
DA:127,3
DA:129,3
DA:130,1
DA:134,1
DA:137,2
DA:139,2
DA:140,1
DA:144,1
DA:147,1
DA:148,1
DA:151,0
DA:152,0
DA:156,0
DA:160,1
DA:161,0
DA:163,0
DA:164,0
DA:167,0
DA:169,0
DA:170,0
DA:174,0
DA:178,0
DA:179,0
DA:180,0
DA:183,0
DA:190,0
DA:195,0
DA:199,0
DA:200,0
DA:204,0
DA:209,0
DA:210,0
DA:214,0
DA:220,0
DA:222,0
DA:223,0
DA:224,0
DA:226,0
DA:227,0
DA:229,0
DA:233,0
DA:234,0
DA:235,0
DA:237,0
DA:242,0
DA:243,0
DA:247,0
DA:250,0
DA:255,0
DA:258,0
DA:260,0
DA:264,0
DA:268,1
DA:269,2
DA:270,2
DA:272,2
DA:273,1
DA:277,1
DA:280,1
DA:281,1
DA:284,0
DA:285,0
DA:289,0
LF:118
LH:68
BRDA:8,0,0,1
BRDA:8,0,1,4
BRDA:8,1,0,5
BRDA:8,1,1,4
BRDA:17,2,0,1
BRDA:17,2,1,3
BRDA:17,3,0,4
BRDA:17,3,1,4
BRDA:26,4,0,1
BRDA:26,4,1,1
BRDA:26,5,0,2
BRDA:26,5,1,2
BRDA:51,6,0,1
BRDA:51,6,1,2
BRDA:61,7,0,1
BRDA:61,7,1,1
BRDA:61,8,0,2
BRDA:61,8,1,2
BRDA:86,9,0,1
BRDA:86,9,1,3
BRDA:86,10,0,4
BRDA:86,10,1,3
BRDA:95,11,0,1
BRDA:95,11,1,2
BRDA:95,12,0,3
BRDA:95,12,1,3
BRDA:104,13,0,1
BRDA:104,13,1,1
BRDA:104,14,0,2
BRDA:104,14,1,2
BRDA:129,15,0,1
BRDA:129,15,1,2
BRDA:139,16,0,1
BRDA:139,16,1,1
BRDA:139,17,0,2
BRDA:139,17,1,2
BRDA:169,18,0,0
BRDA:169,18,1,0
BRDA:169,19,0,0
BRDA:169,19,1,0
BRDA:179,20,0,0
BRDA:179,20,1,0
BRDA:180,21,0,0
BRDA:180,21,1,0
BRDA:199,22,0,0
BRDA:199,22,1,0
BRDA:209,23,0,0
BRDA:209,23,1,0
BRDA:220,24,0,0
BRDA:220,24,1,0
BRDA:224,25,0,0
BRDA:224,25,1,0
BRDA:226,26,0,0
BRDA:226,26,1,0
BRDA:226,27,0,0
BRDA:226,27,1,0
BRDA:235,28,0,0
BRDA:235,28,1,0
BRDA:242,29,0,0
BRDA:242,29,1,0
BRDA:252,30,0,0
BRDA:252,30,1,0
BRDA:272,31,0,1
BRDA:272,31,1,1
BRDA:272,32,0,2
BRDA:272,32,1,2
BRF:66
BRH:40
end_of_record
TN:
SF:Controllers/ordenesProveedor.js
FN:7,(anonymous_0)
FN:25,(anonymous_1)
FN:31,(anonymous_2)
FN:40,(anonymous_3)
FN:67,(anonymous_4)
FN:90,(anonymous_5)
FN:120,(anonymous_6)
FN:145,(anonymous_7)
FNF:8
FNH:8
FNDA:12,(anonymous_0)
FNDA:3,(anonymous_1)
FNDA:3,(anonymous_2)
FNDA:1,(anonymous_3)
FNDA:4,(anonymous_4)
FNDA:4,(anonymous_5)
FNDA:4,(anonymous_6)
FNDA:3,(anonymous_7)
DA:1,1
DA:2,1
DA:3,1
DA:4,1
DA:7,1
DA:8,12
DA:9,0
DA:12,12
DA:13,12
DA:14,12
DA:16,12
DA:17,2
DA:20,10
DA:22,10
DA:25,1
DA:26,3
DA:27,1
DA:31,1
DA:32,3
DA:33,3
DA:40,1
DA:41,1
DA:42,1
DA:48,0
DA:53,0
DA:60,0
DA:67,1
DA:68,4
DA:69,4
DA:70,4
DA:75,3
DA:76,1
DA:81,2
DA:86,1
DA:90,1
DA:91,4
DA:92,4
DA:93,4
DA:95,4
DA:96,1
DA:101,3
DA:102,3
DA:103,3
DA:105,2
DA:106,1
DA:111,1
DA:116,1
DA:120,1
DA:121,4
DA:122,4
DA:123,4
DA:125,4
DA:126,1
DA:131,3
DA:136,2
DA:141,1
DA:145,1
DA:146,3
DA:147,3
DA:149,3
DA:150,3
DA:152,1
DA:155,2
DA:156,1
DA:158,1
DA:167,1
DA:168,1
LF:67
LH:63
BRDA:8,0,0,0
BRDA:8,0,1,12
BRDA:14,1,0,12
BRDA:14,1,1,0
BRDA:16,2,0,2
BRDA:16,2,1,0
BRDA:16,3,0,12
BRDA:16,3,1,2
BRDA:26,4,0,1
BRDA:26,4,1,2
BRDA:41,5,0,1
BRDA:41,5,1,0
BRDA:53,6,0,0
BRDA:53,6,1,0
BRDA:54,7,0,0
BRDA:54,7,1,0
BRDA:71,8,0,1
BRDA:71,8,1,3
BRDA:72,9,0,1
BRDA:72,9,1,3
BRDA:75,10,0,1
BRDA:75,10,1,2
BRDA:75,11,0,3
BRDA:75,11,1,3
BRDA:95,12,0,1
BRDA:95,12,1,3
BRDA:101,13,0,3
BRDA:101,13,1,0
BRDA:105,14,0,1
BRDA:105,14,1,1
BRDA:105,15,0,2
BRDA:105,15,1,2
BRDA:125,16,0,1
BRDA:125,16,1,3
BRDA:132,17,0,1
BRDA:132,17,1,2
BRDA:133,18,0,1
BRDA:133,18,1,2
BRDA:156,19,0,1
BRDA:156,19,1,1
BRDA:172,20,0,1
BRDA:172,20,1,1
BRF:42
BRH:33
end_of_record
TN:
SF:Controllers/ventas.js
FN:10,(anonymous_0)
FN:47,(anonymous_1)
FNF:2
FNH:2
FNDA:3,(anonymous_0)
FNDA:4,(anonymous_1)
DA:1,1
DA:2,1
DA:10,1
DA:11,3
DA:13,3
DA:15,2
DA:16,1
DA:23,1
DA:25,1
DA:32,1
DA:33,1
DA:47,1
DA:48,4
DA:49,4
DA:50,4
DA:53,4
DA:54,4
DA:57,4
DA:58,1
DA:59,1
DA:66,3
DA:67,3
DA:69,3
DA:71,3
DA:72,3
DA:73,3
DA:75,3
DA:76,2
DA:79,2
DA:80,1
DA:81,1
DA:87,1
DA:90,1
DA:91,1
DA:93,1
DA:102,1
DA:103,1
DA:111,1
DA:112,1
DA:114,1
DA:124,0
DA:125,0
DA:126,0
DA:128,0
LF:44
LH:40
BRDA:15,0,0,1
BRDA:15,0,1,1
BRDA:15,1,0,2
BRDA:15,1,1,2
BRDA:57,2,0,1
BRDA:57,2,1,3
BRDA:57,3,0,4
BRDA:57,3,1,4
BRDA:57,3,2,3
BRDA:57,3,3,3
BRDA:57,3,4,3
BRDA:79,4,0,1
BRDA:79,4,1,1
BRDA:79,5,0,2
BRDA:79,5,1,2
BRDA:111,6,0,1
BRDA:111,6,1,0
BRF:17
BRH:16
end_of_record
TN:
SF:Routes/permisosRoutes.js
FNF:0
FNH:0
DA:1,1
DA:2,1
DA:9,1
DA:12,1
DA:13,1
DA:14,1
DA:15,1
DA:16,1
DA:18,1
LF:9
LH:9
BRF:0
BRH:0
end_of_record
TN:
SF:Routes/ventasRoutes.js
FNF:0
FNH:0
DA:1,1
DA:2,1
DA:3,1
DA:4,1
DA:8,1
DA:11,1
DA:13,1
LF:7
LH:7
BRF:0
BRH:0
end_of_record
TN:
SF:Utils/dbUtils.js
FN:4,(anonymous_0)
FN:5,(anonymous_1)
FN:6,(anonymous_2)
FNF:3
FNH:0
FNDA:0,(anonymous_0)
FNDA:0,(anonymous_1)
FNDA:0,(anonymous_2)
DA:2,1
DA:4,1
DA:5,0
DA:6,0
DA:7,0
DA:8,0
DA:10,0
DA:15,1
LF:8
LH:3
BRDA:4,0,0,0
BRDA:7,1,0,0
BRDA:7,1,1,0
BRF:3
BRH:0
end_of_record
TN:
SF:Utils/inventoryWatcher.js
FN:7,(anonymous_0)
FN:25,(anonymous_1)
FN:59,(anonymous_2)
FNF:3
FNH:3
FNDA:1,(anonymous_0)
FNDA:1,(anonymous_1)
FNDA:1,(anonymous_2)
DA:1,1
DA:2,1
DA:4,1
DA:7,1
DA:8,1
DA:9,1
DA:14,1
DA:19,0
DA:20,0
DA:25,1
DA:26,1
DA:27,1
DA:29,1
DA:32,1
DA:33,1
DA:34,1
DA:38,0
DA:40,0
DA:41,0
DA:44,0
DA:51,0
DA:54,0
DA:59,1
DA:60,1
DA:63,1
DA:66,1
DA:68,1
DA:71,1
LF:28
LH:20
BRDA:29,0,0,0
BRDA:29,0,1,1
BRDA:32,1,0,1
BRDA:32,1,1,0
BRDA:40,2,0,0
BRDA:40,2,1,0
BRDA:59,3,0,0
BRF:7
BRH:2
end_of_record
TN:
SF:Utils/validations.js
FN:6,(anonymous_0)
FN:42,(anonymous_1)
FNF:2
FNH:2
FNDA:24,(anonymous_0)
FNDA:15,(anonymous_1)
DA:6,2
DA:8,24
DA:9,4
DA:17,20
DA:20,20
DA:21,1
DA:25,19
DA:26,1
DA:30,18
DA:31,3
DA:34,15
DA:42,2
DA:44,15
DA:45,4
DA:48,11
DA:51,2
LF:16
LH:16
BRDA:8,0,0,4
BRDA:8,0,1,20
BRDA:8,1,0,24
BRDA:8,1,1,21
BRDA:8,1,2,21
BRDA:20,2,0,1
BRDA:20,2,1,19
BRDA:25,3,0,1
BRDA:25,3,1,18
BRDA:30,4,0,3
BRDA:30,4,1,15
BRDA:30,5,0,18
BRDA:30,5,1,3
BRDA:44,6,0,4
BRDA:44,6,1,11
BRDA:44,7,0,15
BRDA:44,7,1,12
BRDA:44,7,2,12
BRF:18
BRH:18
end_of_record
TN:
SF:Utils/websocket.js
FN:6,(anonymous_0)
FN:9,(anonymous_1)
FN:13,(anonymous_2)
FN:18,(anonymous_3)
FN:25,(anonymous_4)
FN:28,(anonymous_5)
FNF:6
FNH:6
FNDA:7,(anonymous_0)
FNDA:7,(anonymous_1)
FNDA:1,(anonymous_2)
FNDA:1,(anonymous_3)
FNDA:4,(anonymous_4)
FNDA:3,(anonymous_5)
DA:1,2
DA:3,2
DA:4,2
DA:6,2
DA:7,7
DA:9,7
DA:10,7
DA:11,7
DA:13,7
DA:14,1
DA:15,1
DA:18,7
DA:19,1
DA:20,1
DA:25,2
DA:26,4
DA:28,4
DA:29,3
DA:30,2
DA:31,2
DA:32,1
DA:34,1
DA:40,2
LF:23
LH:23
BRDA:26,0,0,0
BRDA:26,0,1,4
BRDA:29,1,0,2
BRDA:29,1,1,1
BRF:4
BRH:3
end_of_record
TN:
SF:dto/Compras/ComprasDto.js
FN:2,(anonymous_0)
FN:7,(anonymous_1)
FN:15,(anonymous_2)
FN:20,(anonymous_3)
FN:26,(anonymous_4)
FN:31,(anonymous_5)
FNF:6
FNH:6
FNDA:5,(anonymous_0)
FNDA:2,(anonymous_1)
FNDA:3,(anonymous_2)
FNDA:3,(anonymous_3)
FNDA:3,(anonymous_4)
FNDA:3,(anonymous_5)
DA:3,5
DA:4,0
DA:7,5
DA:16,3
DA:17,0
DA:20,3
DA:27,3
DA:28,0
DA:31,3
DA:38,1
LF:10
LH:7
BRDA:3,0,0,0
BRDA:3,0,1,5
BRDA:16,1,0,0
BRDA:16,1,1,3
BRDA:27,2,0,0
BRDA:27,2,1,3
BRF:6
BRH:3
end_of_record
TN:
SF:dto/Compras/OrdenCompraDto.js
FN:3,(anonymous_0)
FN:14,(anonymous_1)
FN:29,(anonymous_2)
FNF:3
FNH:3
FNDA:5,(anonymous_0)
FNDA:3,(anonymous_1)
FNDA:1,(anonymous_2)
DA:5,5
DA:6,1
DA:10,4
DA:11,4
DA:14,4
DA:20,4
DA:31,1
DA:32,0
DA:35,1
DA:36,0
DA:39,1
DA:46,1
LF:12
LH:10
BRDA:5,0,0,1
BRDA:5,0,1,4
BRDA:5,1,0,5
BRDA:5,1,1,5
BRDA:5,1,2,4
BRDA:5,1,3,4
BRDA:5,1,4,4
BRDA:31,2,0,0
BRDA:31,2,1,1
BRDA:31,3,0,1
BRDA:31,3,1,1
BRDA:35,4,0,0
BRDA:35,4,1,1
BRDA:35,5,0,1
BRDA:35,5,1,1
BRF:15
BRH:13
end_of_record
TN:
SF:dto/GestionProveedores/GestionResponseDto.js
FN:2,(anonymous_0)
FN:5,(anonymous_1)
FN:9,(anonymous_2)
FN:26,(anonymous_3)
FN:50,(anonymous_4)
FN:63,(anonymous_5)
FN:76,(anonymous_6)
FN:89,(anonymous_7)
FN:93,(anonymous_8)
FN:108,(anonymous_9)
FN:112,(anonymous_10)
FN:123,(anonymous_11)
FN:127,(anonymous_12)
FN:134,(anonymous_13)
FN:138,(anonymous_14)
FN:145,(anonymous_15)
FN:156,(anonymous_16)
FN:168,(anonymous_17)
FN:180,(anonymous_18)
FN:192,(anonymous_19)
FNF:20
FNH:17
FNDA:0,(anonymous_0)
FNDA:2,(anonymous_1)
FNDA:2,(anonymous_2)
FNDA:2,(anonymous_3)
FNDA:2,(anonymous_4)
FNDA:2,(anonymous_5)
FNDA:2,(anonymous_6)
FNDA:2,(anonymous_7)
FNDA:4,(anonymous_8)
FNDA:2,(anonymous_9)
FNDA:4,(anonymous_10)
FNDA:2,(anonymous_11)
FNDA:4,(anonymous_12)
FNDA:2,(anonymous_13)
FNDA:4,(anonymous_14)
FNDA:3,(anonymous_15)
FNDA:12,(anonymous_16)
FNDA:14,(anonymous_17)
FNDA:0,(anonymous_18)
FNDA:0,(anonymous_19)
DA:6,2
DA:9,2
DA:27,2
DA:29,2
DA:51,2
DA:64,2
DA:77,2
DA:90,2
DA:93,4
DA:109,2
DA:112,4
DA:124,2
DA:127,4
DA:135,2
DA:138,4
DA:146,3
DA:157,12
DA:169,14
DA:181,0
DA:193,0
DA:202,1
LF:21
LH:19
BRDA:12,0,0,2
BRDA:12,0,1,0
BRDA:17,1,0,2
BRDA:17,1,1,0
BRDA:27,2,0,0
BRDA:27,2,1,2
BRDA:39,3,0,2
BRDA:39,3,1,0
BRDA:40,4,0,2
BRDA:40,4,1,0
BRDA:42,5,0,2
BRDA:42,5,1,0
BRDA:55,6,0,2
BRDA:55,6,1,0
BRDA:69,7,0,2
BRDA:69,7,1,0
BRDA:82,8,0,2
BRDA:82,8,1,0
BRDA:95,9,0,4
BRDA:95,9,1,4
BRDA:96,10,0,4
BRDA:96,10,1,4
BRDA:97,11,0,4
BRDA:97,11,1,4
BRDA:98,12,0,4
BRDA:98,12,1,4
BRDA:99,13,0,4
BRDA:99,13,1,4
BRDA:100,14,0,4
BRDA:100,14,1,4
BRDA:114,15,0,4
BRDA:114,15,1,4
BRDA:115,16,0,4
BRDA:115,16,1,4
BRDA:127,17,0,4
BRDA:127,17,1,0
BRDA:127,17,2,0
BRDA:138,18,0,4
BRDA:138,18,1,4
BRDA:138,18,2,4
BRDA:145,19,0,0
BRDA:145,20,0,3
BRDA:156,21,0,2
BRDA:168,22,0,0
BRDA:180,23,0,0
BRDA:192,24,0,0
BRF:46
BRH:31
end_of_record
TN:
SF:dto/GestionUsuarios/GestionResponseDto.js
FN:2,(anonymous_0)
FN:11,(anonymous_1)
FN:15,(anonymous_2)
FN:18,(anonymous_3)
FN:30,(anonymous_4)
FN:34,(anonymous_5)
FN:37,(anonymous_6)
FN:48,(anonymous_7)
FN:59,(anonymous_8)
FN:70,(anonymous_9)
FN:81,(anonymous_10)
FNF:11
FNH:9
FNDA:2,(anonymous_0)
FNDA:1,(anonymous_1)
FNDA:2,(anonymous_2)
FNDA:1,(anonymous_3)
FNDA:0,(anonymous_4)
FNDA:0,(anonymous_5)
FNDA:1,(anonymous_6)
FNDA:1,(anonymous_7)
FNDA:1,(anonymous_8)
FNDA:1,(anonymous_9)
FNDA:1,(anonymous_10)
DA:3,2
DA:12,1
DA:13,0
DA:15,2
DA:19,1
DA:20,0
DA:22,1
DA:31,0
DA:32,0
DA:34,0
DA:38,1
DA:39,0
DA:41,1
DA:49,1
DA:50,0
DA:52,1
DA:60,1
DA:61,0
DA:63,1
DA:71,1
DA:72,0
DA:74,1
DA:82,1
DA:83,0
DA:85,1
DA:93,1
LF:26
LH:16
BRDA:4,0,0,2
BRDA:4,0,1,0
BRDA:5,1,0,2
BRDA:5,1,1,0
BRDA:6,2,0,2
BRDA:6,2,1,0
BRDA:7,3,0,2
BRDA:7,3,1,0
BRDA:12,4,0,0
BRDA:12,4,1,1
BRDA:19,5,0,0
BRDA:19,5,1,1
BRDA:19,6,0,1
BRDA:19,6,1,1
BRDA:23,7,0,1
BRDA:23,7,1,0
BRDA:24,8,0,1
BRDA:24,8,1,0
BRDA:25,9,0,1
BRDA:25,9,1,0
BRDA:26,10,0,1
BRDA:26,10,1,0
BRDA:31,11,0,0
BRDA:31,11,1,0
BRDA:38,12,0,0
BRDA:38,12,1,1
BRDA:38,13,0,1
BRDA:38,13,1,1
BRDA:43,14,0,1
BRDA:43,14,1,0
BRDA:49,15,0,0
BRDA:49,15,1,1
BRDA:49,16,0,1
BRDA:49,16,1,1
BRDA:54,17,0,1
BRDA:54,17,1,0
BRDA:60,18,0,0
BRDA:60,18,1,1
BRDA:60,19,0,1
BRDA:60,19,1,1
BRDA:65,20,0,1
BRDA:65,20,1,0
BRDA:71,21,0,0
BRDA:71,21,1,1
BRDA:71,22,0,1
BRDA:71,22,1,1
BRDA:76,23,0,1
BRDA:76,23,1,0
BRDA:82,24,0,0
BRDA:82,24,1,1
BRDA:82,25,0,1
BRDA:82,25,1,1
BRDA:87,26,0,1
BRDA:87,26,1,0
BRF:54
BRH:32
end_of_record
TN:
SF:dto/Inicio/InicioResponseDto.js
FN:3,(anonymous_0)
FN:10,(anonymous_1)
FN:19,(anonymous_2)
FN:26,(anonymous_3)
FN:32,(anonymous_4)
FN:44,(anonymous_5)
FN:48,(anonymous_6)
FN:51,(anonymous_7)
FN:59,(anonymous_8)
FN:63,(anonymous_9)
FN:66,(anonymous_10)
FN:77,(anonymous_11)
FN:81,(anonymous_12)
FNF:13
FNH:13
FNDA:1,(anonymous_0)
FNDA:1,(anonymous_1)
FNDA:1,(anonymous_2)
FNDA:1,(anonymous_3)
FNDA:2,(anonymous_4)
FNDA:1,(anonymous_5)
FNDA:2,(anonymous_6)
FNDA:2,(anonymous_7)
FNDA:1,(anonymous_8)
FNDA:2,(anonymous_9)
FNDA:1,(anonymous_10)
FNDA:1,(anonymous_11)
FNDA:1,(anonymous_12)
DA:4,1
DA:11,1
DA:20,1
DA:27,1
DA:33,2
DA:45,1
DA:46,0
DA:48,2
DA:52,2
DA:60,1
DA:61,0
DA:63,2
DA:67,1
DA:78,1
DA:79,0
DA:81,1
DA:85,1
LF:17
LH:14
BRDA:5,0,0,1
BRDA:5,0,1,0
BRDA:12,1,0,1
BRDA:12,1,1,0
BRDA:13,2,0,1
BRDA:13,2,1,0
BRDA:14,3,0,1
BRDA:14,3,1,0
BRDA:21,4,0,1
BRDA:21,4,1,0
BRDA:28,5,0,1
BRDA:28,5,1,0
BRDA:45,6,0,0
BRDA:45,6,1,1
BRDA:60,7,0,0
BRDA:60,7,1,1
BRDA:78,8,0,0
BRDA:78,8,1,1
BRF:18
BRH:9
end_of_record
TN:
SF:dto/Metricas/MetricasResponseDto.js
FN:2,(anonymous_0)
FN:5,(anonymous_1)
FN:25,(anonymous_2)
FN:44,(anonymous_3)
FN:53,(anonymous_4)
FN:61,(anonymous_5)
FN:65,(anonymous_6)
FN:78,(anonymous_7)
FN:110,(anonymous_8)
FN:121,(anonymous_9)
FN:134,(anonymous_10)
FN:138,(anonymous_11)
FN:150,(anonymous_12)
FN:165,(anonymous_13)
FN:176,(anonymous_14)
FN:188,(anonymous_15)
FN:200,(anonymous_16)
FNF:17
FNH:13
FNDA:0,(anonymous_0)
FNDA:10,(anonymous_1)
FNDA:8,(anonymous_2)
FNDA:6,(anonymous_3)
FNDA:4,(anonymous_4)
FNDA:2,(anonymous_5)
FNDA:4,(anonymous_6)
FNDA:2,(anonymous_7)
FNDA:0,(anonymous_8)
FNDA:0,(anonymous_9)
FNDA:1,(anonymous_10)
FNDA:2,(anonymous_11)
FNDA:2,(anonymous_12)
FNDA:1,(anonymous_13)
FNDA:6,(anonymous_14)
FNDA:5,(anonymous_15)
FNDA:0,(anonymous_16)
DA:6,10
DA:8,10
DA:9,0
DA:10,0
DA:13,10
DA:14,0
DA:15,0
DA:18,10
DA:19,10
DA:21,10
DA:26,8
DA:28,8
DA:29,0
DA:30,0
DA:33,8
DA:34,0
DA:35,0
DA:38,8
DA:39,8
DA:40,8
DA:45,6
DA:46,4
DA:48,2
DA:49,2
DA:54,4
DA:55,2
DA:57,2
DA:62,2
DA:65,4
DA:79,2
DA:111,0
DA:121,0
DA:135,1
DA:138,2
DA:151,2
DA:161,2
DA:166,1
DA:177,6
DA:189,5
DA:201,0
DA:210,1
LF:41
LH:30
BRDA:5,0,0,10
BRDA:8,1,0,0
BRDA:8,1,1,10
BRDA:8,2,0,10
BRDA:8,2,1,10
BRDA:8,2,2,10
BRDA:13,3,0,0
BRDA:13,3,1,10
BRDA:21,4,0,0
BRDA:21,4,1,10
BRDA:28,5,0,0
BRDA:28,5,1,8
BRDA:28,6,0,8
BRDA:28,6,1,8
BRDA:33,7,0,0
BRDA:33,7,1,8
BRDA:33,8,0,8
BRDA:33,8,1,8
BRDA:40,9,0,0
BRDA:40,9,1,8
BRDA:44,10,0,6
BRDA:45,11,0,4
BRDA:45,11,1,2
BRDA:45,12,0,6
BRDA:45,12,1,6
BRDA:45,12,2,2
BRDA:45,12,3,2
BRDA:49,13,0,0
BRDA:49,13,1,2
BRDA:53,14,0,2
BRDA:54,15,0,2
BRDA:54,15,1,2
BRDA:54,16,0,4
BRDA:54,16,1,4
BRDA:54,16,2,2
BRDA:67,17,0,4
BRDA:67,17,1,0
BRDA:68,18,0,4
BRDA:68,18,1,0
BRDA:165,19,0,0
BRDA:165,20,0,1
BRDA:176,21,0,2
BRDA:188,22,0,0
BRDA:200,23,0,0
BRF:44
BRH:32
end_of_record
TN:
SF:dto/OrdenesProveedor/OrdenCompraConsultaDto.js
FN:10,(anonymous_0)
FN:14,(anonymous_1)
FN:32,(anonymous_2)
FN:111,(anonymous_3)
FNF:4
FNH:4
FNDA:1,(anonymous_0)
FNDA:12,(anonymous_1)
FNDA:1,(anonymous_2)
FNDA:3,(anonymous_3)
DA:11,1
DA:14,1
DA:16,12
DA:19,0
DA:22,0
DA:25,0
DA:28,1
DA:31,1
DA:32,1
DA:33,1
DA:34,1
DA:35,1
DA:38,1
DA:39,1
DA:41,1
DA:51,1
DA:53,1
DA:65,1
DA:66,1
DA:67,0
DA:69,0
DA:70,0
DA:71,0
DA:72,0
DA:73,0
DA:75,0
DA:93,0
DA:94,0
DA:98,0
DA:99,0
DA:112,3
DA:118,3
DA:119,0
DA:122,3
DA:126,1
LF:35
LH:20
BRDA:11,0,0,0
BRDA:11,0,1,1
BRDA:16,1,0,12
BRDA:16,1,1,0
BRDA:19,2,0,0
BRDA:19,2,1,0
BRDA:22,3,0,0
BRDA:22,3,1,0
BRDA:28,4,0,1
BRDA:28,4,1,0
BRDA:28,5,0,1
BRDA:28,5,1,1
BRDA:38,6,0,1
BRDA:38,6,1,0
BRDA:67,7,0,0
BRDA:67,7,1,0
BRDA:118,8,0,0
BRDA:118,8,1,3
BRF:18
BRH:7
end_of_record
TN:
SF:dto/OrdenesProveedor/OrdenesProveedorDto.js
FN:10,(anonymous_0)
FN:13,(anonymous_1)
FNF:2
FNH:2
FNDA:2,(anonymous_0)
FNDA:2,(anonymous_1)
DA:11,2
DA:13,2
DA:23,1
LF:3
LH:3
BRDA:11,0,0,0
BRDA:11,0,1,2
BRDA:11,1,0,2
BRDA:11,1,1,2
BRF:4
BRH:3
end_of_record
TN:
SF:dto/Ventas/VentaResponseDto.js
FN:10,(anonymous_0)
FN:43,(anonymous_1)
FN:47,(anonymous_2)
FNF:3
FNH:3
FNDA:10,(anonymous_0)
FNDA:8,(anonymous_1)
FNDA:7,(anonymous_2)
DA:11,10
DA:12,2
DA:22,8
DA:23,8
DA:24,8
DA:28,8
DA:44,8
DA:45,5
DA:47,7
DA:51,1
LF:10
LH:10
BRDA:11,0,0,2
BRDA:11,0,1,8
BRDA:24,1,0,5
BRDA:24,1,1,3
BRDA:24,2,0,8
BRDA:24,2,1,5
BRDA:44,3,0,5
BRDA:44,3,1,3
BRF:8
BRH:8
end_of_record
