TN:
SF:Controllers/alertas.js
FN:4,(anonymous_0)
FNF:1
FNH:1
FNDA:3,(anonymous_0)
DA:1,1
DA:2,1
DA:4,1
DA:5,3
DA:6,3
DA:8,2
DA:9,1
DA:12,1
DA:14,1
DA:19,1
DA:20,1
LF:11
LH:11
BRDA:8,0,0,1
BRDA:8,0,1,1
BRDA:8,1,0,2
BRDA:8,1,1,2
BRF:4
BRH:4
end_of_record
TN:
SF:Controllers/login.js
FN:8,(anonymous_0)
FN:21,(anonymous_1)
FN:72,generarTokenYResponder
FNF:3
FNH:3
FNDA:8,(anonymous_0)
FNDA:6,(anonymous_1)
FNDA:3,generarTokenYResponder
DA:1,1
DA:2,1
DA:3,1
DA:4,1
DA:6,1
DA:8,1
DA:9,8
DA:10,8
DA:13,8
DA:14,1
DA:19,7
DA:21,7
DA:23,6
DA:24,1
DA:25,1
DA:29,5
DA:30,1
DA:34,4
DA:37,4
DA:38,4
DA:39,1
DA:43,3
DA:51,3
DA:52,2
DA:55,2
DA:56,1
DA:57,1
DA:58,1
DA:60,1
DA:64,2
DA:66,1
DA:68,1
DA:74,3
DA:75,3
DA:78,3
DA:88,1
DA:89,1
LF:37
LH:37
BRDA:6,0,0,1
BRDA:6,0,1,0
BRDA:13,1,0,1
BRDA:13,1,1,7
BRDA:13,2,0,8
BRDA:13,2,1,7
BRDA:23,3,0,1
BRDA:23,3,1,5
BRDA:29,4,0,1
BRDA:29,4,1,4
BRDA:38,5,0,1
BRDA:38,5,1,3
BRDA:51,6,0,2
BRDA:51,6,1,1
BRDA:55,7,0,1
BRDA:55,7,1,1
BRF:16
BRH:15
end_of_record
TN:
SF:Utils/websocket.js
FN:6,(anonymous_0)
FN:9,(anonymous_1)
FN:13,(anonymous_2)
FN:18,(anonymous_3)
FN:25,(anonymous_4)
FN:28,(anonymous_5)
FNF:6
FNH:6
FNDA:7,(anonymous_0)
FNDA:14,(anonymous_1)
FNDA:1,(anonymous_2)
FNDA:1,(anonymous_3)
FNDA:4,(anonymous_4)
FNDA:35,(anonymous_5)
DA:1,1
DA:3,1
DA:4,1
DA:6,1
DA:7,7
DA:9,7
DA:10,14
DA:11,14
DA:13,14
DA:14,1
DA:15,1
DA:18,14
DA:19,1
DA:20,1
DA:25,1
DA:26,4
DA:28,4
DA:29,35
DA:30,34
DA:31,34
DA:32,32
DA:34,2
DA:40,1
LF:23
LH:23
BRDA:26,0,0,0
BRDA:26,0,1,4
BRDA:29,1,0,34
BRDA:29,1,1,1
BRF:4
BRH:3
end_of_record
