{"numFailedTestSuites":1,"numFailedTests":9,"numPassedTestSuites":1,"numPassedTests":8,"numPendingTestSuites":0,"numPendingTests":0,"numRuntimeErrorTestSuites":0,"numTodoTests":0,"numTotalTestSuites":2,"numTotalTests":17,"openHandles":[],"snapshot":{"added":0,"didUpdate":false,"failure":false,"filesAdded":0,"filesRemoved":0,"filesRemovedList":[],"filesUnmatched":0,"filesUpdated":0,"matched":0,"total":0,"unchecked":0,"uncheckedKeysByFile":[],"unmatched":0,"updated":0},"startTime":1749515841369,"success":false,"testResults":[{"assertionResults":[{"ancestorTitles":["useAdminLogic"],"duration":38,"failureDetails":[{}],"failureMessages":["TypeError: (0 , _useAdminLogic.useAdminLogic) is not a function\n    at /Users/hugolozano/Desktop/spidersapfinal/SpiderSystem/Front2/src/components/Admin/__tests__/useAdminLogic.test.jsx:46:54\n    at TestComponent (/Users/hugolozano/Desktop/spidersapfinal/SpiderSystem/Front2/node_modules/@testing-library/react/dist/pure.js:331:27)\n    at renderWithHooks (/Users/hugolozano/Desktop/spidersapfinal/SpiderSystem/Front2/node_modules/react-dom/cjs/react-dom.development.js:15486:18)\n    at mountIndeterminateComponent (/Users/hugolozano/Desktop/spidersapfinal/SpiderSystem/Front2/node_modules/react-dom/cjs/react-dom.development.js:20103:13)\n    at beginWork (/Users/hugolozano/Desktop/spidersapfinal/SpiderSystem/Front2/node_modules/react-dom/cjs/react-dom.development.js:21626:16)\n    at beginWork$1 (/Users/hugolozano/Desktop/spidersapfinal/SpiderSystem/Front2/node_modules/react-dom/cjs/react-dom.development.js:27465:14)\n    at performUnitOfWork (/Users/hugolozano/Desktop/spidersapfinal/SpiderSystem/Front2/node_modules/react-dom/cjs/react-dom.development.js:26599:12)\n    at workLoopSync (/Users/hugolozano/Desktop/spidersapfinal/SpiderSystem/Front2/node_modules/react-dom/cjs/react-dom.development.js:26505:5)\n    at renderRootSync (/Users/hugolozano/Desktop/spidersapfinal/SpiderSystem/Front2/node_modules/react-dom/cjs/react-dom.development.js:26473:7)\n    at recoverFromConcurrentError (/Users/hugolozano/Desktop/spidersapfinal/SpiderSystem/Front2/node_modules/react-dom/cjs/react-dom.development.js:25889:20)\n    at performConcurrentWorkOnRoot (/Users/hugolozano/Desktop/spidersapfinal/SpiderSystem/Front2/node_modules/react-dom/cjs/react-dom.development.js:25789:22)\n    at flushActQueue (/Users/hugolozano/Desktop/spidersapfinal/SpiderSystem/Front2/node_modules/react/cjs/react.development.js:2667:24)\n    at act (/Users/hugolozano/Desktop/spidersapfinal/SpiderSystem/Front2/node_modules/react/cjs/react.development.js:2582:11)\n    at /Users/hugolozano/Desktop/spidersapfinal/SpiderSystem/Front2/node_modules/@testing-library/react/dist/act-compat.js:47:25\n    at renderRoot (/Users/hugolozano/Desktop/spidersapfinal/SpiderSystem/Front2/node_modules/@testing-library/react/dist/pure.js:190:26)\n    at render (/Users/hugolozano/Desktop/spidersapfinal/SpiderSystem/Front2/node_modules/@testing-library/react/dist/pure.js:292:10)\n    at renderHook (/Users/hugolozano/Desktop/spidersapfinal/SpiderSystem/Front2/node_modules/@testing-library/react/dist/pure.js:340:7)\n    at Object.<anonymous> (/Users/hugolozano/Desktop/spidersapfinal/SpiderSystem/Front2/src/components/Admin/__tests__/useAdminLogic.test.jsx:46:34)\n    at Promise.then.completed (/Users/hugolozano/node_modules/jest-circus/build/utils.js:298:28)\n    at new Promise (<anonymous>)\n    at callAsyncCircusFn (/Users/hugolozano/node_modules/jest-circus/build/utils.js:231:10)\n    at _callCircusTest (/Users/hugolozano/node_modules/jest-circus/build/run.js:316:40)\n    at processTicksAndRejections (node:internal/process/task_queues:105:5)\n    at _runTest (/Users/hugolozano/node_modules/jest-circus/build/run.js:252:3)\n    at _runTestsForDescribeBlock (/Users/hugolozano/node_modules/jest-circus/build/run.js:126:9)\n    at _runTestsForDescribeBlock (/Users/hugolozano/node_modules/jest-circus/build/run.js:121:9)\n    at run (/Users/hugolozano/node_modules/jest-circus/build/run.js:71:3)\n    at runAndTransformResultsToJestFormat (/Users/hugolozano/node_modules/jest-circus/build/legacy-code-todo-rewrite/jestAdapterInit.js:122:21)\n    at jestAdapter (/Users/hugolozano/node_modules/jest-circus/build/legacy-code-todo-rewrite/jestAdapter.js:79:19)\n    at runTestInternal (/Users/hugolozano/node_modules/jest-runner/build/runTest.js:367:16)\n    at runTest (/Users/hugolozano/node_modules/jest-runner/build/runTest.js:444:34)"],"fullName":"useAdminLogic debería inicializar con el estado correcto","invocations":1,"location":{"column":3,"line":45},"numPassingAsserts":0,"retryReasons":[],"status":"failed","title":"debería inicializar con el estado correcto"},{"ancestorTitles":["useAdminLogic"],"duration":11,"failureDetails":[{}],"failureMessages":["TypeError: (0 , _useAdminLogic.useAdminLogic) is not a function\n    at /Users/hugolozano/Desktop/spidersapfinal/SpiderSystem/Front2/src/components/Admin/__tests__/useAdminLogic.test.jsx:67:54\n    at TestComponent (/Users/hugolozano/Desktop/spidersapfinal/SpiderSystem/Front2/node_modules/@testing-library/react/dist/pure.js:331:27)\n    at renderWithHooks (/Users/hugolozano/Desktop/spidersapfinal/SpiderSystem/Front2/node_modules/react-dom/cjs/react-dom.development.js:15486:18)\n    at mountIndeterminateComponent (/Users/hugolozano/Desktop/spidersapfinal/SpiderSystem/Front2/node_modules/react-dom/cjs/react-dom.development.js:20103:13)\n    at beginWork (/Users/hugolozano/Desktop/spidersapfinal/SpiderSystem/Front2/node_modules/react-dom/cjs/react-dom.development.js:21626:16)\n    at beginWork$1 (/Users/hugolozano/Desktop/spidersapfinal/SpiderSystem/Front2/node_modules/react-dom/cjs/react-dom.development.js:27465:14)\n    at performUnitOfWork (/Users/hugolozano/Desktop/spidersapfinal/SpiderSystem/Front2/node_modules/react-dom/cjs/react-dom.development.js:26599:12)\n    at workLoopSync (/Users/hugolozano/Desktop/spidersapfinal/SpiderSystem/Front2/node_modules/react-dom/cjs/react-dom.development.js:26505:5)\n    at renderRootSync (/Users/hugolozano/Desktop/spidersapfinal/SpiderSystem/Front2/node_modules/react-dom/cjs/react-dom.development.js:26473:7)\n    at recoverFromConcurrentError (/Users/hugolozano/Desktop/spidersapfinal/SpiderSystem/Front2/node_modules/react-dom/cjs/react-dom.development.js:25889:20)\n    at performConcurrentWorkOnRoot (/Users/hugolozano/Desktop/spidersapfinal/SpiderSystem/Front2/node_modules/react-dom/cjs/react-dom.development.js:25789:22)\n    at flushActQueue (/Users/hugolozano/Desktop/spidersapfinal/SpiderSystem/Front2/node_modules/react/cjs/react.development.js:2667:24)\n    at act (/Users/hugolozano/Desktop/spidersapfinal/SpiderSystem/Front2/node_modules/react/cjs/react.development.js:2582:11)\n    at /Users/hugolozano/Desktop/spidersapfinal/SpiderSystem/Front2/node_modules/@testing-library/react/dist/act-compat.js:47:25\n    at renderRoot (/Users/hugolozano/Desktop/spidersapfinal/SpiderSystem/Front2/node_modules/@testing-library/react/dist/pure.js:190:26)\n    at render (/Users/hugolozano/Desktop/spidersapfinal/SpiderSystem/Front2/node_modules/@testing-library/react/dist/pure.js:292:10)\n    at renderHook (/Users/hugolozano/Desktop/spidersapfinal/SpiderSystem/Front2/node_modules/@testing-library/react/dist/pure.js:340:7)\n    at Object.<anonymous> (/Users/hugolozano/Desktop/spidersapfinal/SpiderSystem/Front2/src/components/Admin/__tests__/useAdminLogic.test.jsx:67:34)\n    at Promise.then.completed (/Users/hugolozano/node_modules/jest-circus/build/utils.js:298:28)\n    at new Promise (<anonymous>)\n    at callAsyncCircusFn (/Users/hugolozano/node_modules/jest-circus/build/utils.js:231:10)\n    at _callCircusTest (/Users/hugolozano/node_modules/jest-circus/build/run.js:316:40)\n    at processTicksAndRejections (node:internal/process/task_queues:105:5)\n    at _runTest (/Users/hugolozano/node_modules/jest-circus/build/run.js:252:3)\n    at _runTestsForDescribeBlock (/Users/hugolozano/node_modules/jest-circus/build/run.js:126:9)\n    at _runTestsForDescribeBlock (/Users/hugolozano/node_modules/jest-circus/build/run.js:121:9)\n    at run (/Users/hugolozano/node_modules/jest-circus/build/run.js:71:3)\n    at runAndTransformResultsToJestFormat (/Users/hugolozano/node_modules/jest-circus/build/legacy-code-todo-rewrite/jestAdapterInit.js:122:21)\n    at jestAdapter (/Users/hugolozano/node_modules/jest-circus/build/legacy-code-todo-rewrite/jestAdapter.js:79:19)\n    at runTestInternal (/Users/hugolozano/node_modules/jest-runner/build/runTest.js:367:16)\n    at runTest (/Users/hugolozano/node_modules/jest-runner/build/runTest.js:444:34)"],"fullName":"useAdminLogic debería manejar la adición de un nuevo usuario","invocations":1,"location":{"column":3,"line":66},"numPassingAsserts":0,"retryReasons":[],"status":"failed","title":"debería manejar la adición de un nuevo usuario"},{"ancestorTitles":["useAdminLogic"],"duration":10,"failureDetails":[{}],"failureMessages":["TypeError: (0 , _useAdminLogic.useAdminLogic) is not a function\n    at /Users/hugolozano/Desktop/spidersapfinal/SpiderSystem/Front2/src/components/Admin/__tests__/useAdminLogic.test.jsx:85:54\n    at TestComponent (/Users/hugolozano/Desktop/spidersapfinal/SpiderSystem/Front2/node_modules/@testing-library/react/dist/pure.js:331:27)\n    at renderWithHooks (/Users/hugolozano/Desktop/spidersapfinal/SpiderSystem/Front2/node_modules/react-dom/cjs/react-dom.development.js:15486:18)\n    at mountIndeterminateComponent (/Users/hugolozano/Desktop/spidersapfinal/SpiderSystem/Front2/node_modules/react-dom/cjs/react-dom.development.js:20103:13)\n    at beginWork (/Users/hugolozano/Desktop/spidersapfinal/SpiderSystem/Front2/node_modules/react-dom/cjs/react-dom.development.js:21626:16)\n    at beginWork$1 (/Users/hugolozano/Desktop/spidersapfinal/SpiderSystem/Front2/node_modules/react-dom/cjs/react-dom.development.js:27465:14)\n    at performUnitOfWork (/Users/hugolozano/Desktop/spidersapfinal/SpiderSystem/Front2/node_modules/react-dom/cjs/react-dom.development.js:26599:12)\n    at workLoopSync (/Users/hugolozano/Desktop/spidersapfinal/SpiderSystem/Front2/node_modules/react-dom/cjs/react-dom.development.js:26505:5)\n    at renderRootSync (/Users/hugolozano/Desktop/spidersapfinal/SpiderSystem/Front2/node_modules/react-dom/cjs/react-dom.development.js:26473:7)\n    at recoverFromConcurrentError (/Users/hugolozano/Desktop/spidersapfinal/SpiderSystem/Front2/node_modules/react-dom/cjs/react-dom.development.js:25889:20)\n    at performConcurrentWorkOnRoot (/Users/hugolozano/Desktop/spidersapfinal/SpiderSystem/Front2/node_modules/react-dom/cjs/react-dom.development.js:25789:22)\n    at flushActQueue (/Users/hugolozano/Desktop/spidersapfinal/SpiderSystem/Front2/node_modules/react/cjs/react.development.js:2667:24)\n    at act (/Users/hugolozano/Desktop/spidersapfinal/SpiderSystem/Front2/node_modules/react/cjs/react.development.js:2582:11)\n    at /Users/hugolozano/Desktop/spidersapfinal/SpiderSystem/Front2/node_modules/@testing-library/react/dist/act-compat.js:47:25\n    at renderRoot (/Users/hugolozano/Desktop/spidersapfinal/SpiderSystem/Front2/node_modules/@testing-library/react/dist/pure.js:190:26)\n    at render (/Users/hugolozano/Desktop/spidersapfinal/SpiderSystem/Front2/node_modules/@testing-library/react/dist/pure.js:292:10)\n    at renderHook (/Users/hugolozano/Desktop/spidersapfinal/SpiderSystem/Front2/node_modules/@testing-library/react/dist/pure.js:340:7)\n    at Object.<anonymous> (/Users/hugolozano/Desktop/spidersapfinal/SpiderSystem/Front2/src/components/Admin/__tests__/useAdminLogic.test.jsx:85:34)\n    at Promise.then.completed (/Users/hugolozano/node_modules/jest-circus/build/utils.js:298:28)\n    at new Promise (<anonymous>)\n    at callAsyncCircusFn (/Users/hugolozano/node_modules/jest-circus/build/utils.js:231:10)\n    at _callCircusTest (/Users/hugolozano/node_modules/jest-circus/build/run.js:316:40)\n    at processTicksAndRejections (node:internal/process/task_queues:105:5)\n    at _runTest (/Users/hugolozano/node_modules/jest-circus/build/run.js:252:3)\n    at _runTestsForDescribeBlock (/Users/hugolozano/node_modules/jest-circus/build/run.js:126:9)\n    at _runTestsForDescribeBlock (/Users/hugolozano/node_modules/jest-circus/build/run.js:121:9)\n    at run (/Users/hugolozano/node_modules/jest-circus/build/run.js:71:3)\n    at runAndTransformResultsToJestFormat (/Users/hugolozano/node_modules/jest-circus/build/legacy-code-todo-rewrite/jestAdapterInit.js:122:21)\n    at jestAdapter (/Users/hugolozano/node_modules/jest-circus/build/legacy-code-todo-rewrite/jestAdapter.js:79:19)\n    at runTestInternal (/Users/hugolozano/node_modules/jest-runner/build/runTest.js:367:16)\n    at runTest (/Users/hugolozano/node_modules/jest-runner/build/runTest.js:444:34)"],"fullName":"useAdminLogic debería manejar la edición de un usuario existente","invocations":1,"location":{"column":3,"line":84},"numPassingAsserts":0,"retryReasons":[],"status":"failed","title":"debería manejar la edición de un usuario existente"},{"ancestorTitles":["useAdminLogic"],"duration":13,"failureDetails":[{}],"failureMessages":["TypeError: (0 , _useAdminLogic.useAdminLogic) is not a function\n    at /Users/hugolozano/Desktop/spidersapfinal/SpiderSystem/Front2/src/components/Admin/__tests__/useAdminLogic.test.jsx:101:54\n    at TestComponent (/Users/hugolozano/Desktop/spidersapfinal/SpiderSystem/Front2/node_modules/@testing-library/react/dist/pure.js:331:27)\n    at renderWithHooks (/Users/hugolozano/Desktop/spidersapfinal/SpiderSystem/Front2/node_modules/react-dom/cjs/react-dom.development.js:15486:18)\n    at mountIndeterminateComponent (/Users/hugolozano/Desktop/spidersapfinal/SpiderSystem/Front2/node_modules/react-dom/cjs/react-dom.development.js:20103:13)\n    at beginWork (/Users/hugolozano/Desktop/spidersapfinal/SpiderSystem/Front2/node_modules/react-dom/cjs/react-dom.development.js:21626:16)\n    at beginWork$1 (/Users/hugolozano/Desktop/spidersapfinal/SpiderSystem/Front2/node_modules/react-dom/cjs/react-dom.development.js:27465:14)\n    at performUnitOfWork (/Users/hugolozano/Desktop/spidersapfinal/SpiderSystem/Front2/node_modules/react-dom/cjs/react-dom.development.js:26599:12)\n    at workLoopSync (/Users/hugolozano/Desktop/spidersapfinal/SpiderSystem/Front2/node_modules/react-dom/cjs/react-dom.development.js:26505:5)\n    at renderRootSync (/Users/hugolozano/Desktop/spidersapfinal/SpiderSystem/Front2/node_modules/react-dom/cjs/react-dom.development.js:26473:7)\n    at recoverFromConcurrentError (/Users/hugolozano/Desktop/spidersapfinal/SpiderSystem/Front2/node_modules/react-dom/cjs/react-dom.development.js:25889:20)\n    at performConcurrentWorkOnRoot (/Users/hugolozano/Desktop/spidersapfinal/SpiderSystem/Front2/node_modules/react-dom/cjs/react-dom.development.js:25789:22)\n    at flushActQueue (/Users/hugolozano/Desktop/spidersapfinal/SpiderSystem/Front2/node_modules/react/cjs/react.development.js:2667:24)\n    at act (/Users/hugolozano/Desktop/spidersapfinal/SpiderSystem/Front2/node_modules/react/cjs/react.development.js:2582:11)\n    at /Users/hugolozano/Desktop/spidersapfinal/SpiderSystem/Front2/node_modules/@testing-library/react/dist/act-compat.js:47:25\n    at renderRoot (/Users/hugolozano/Desktop/spidersapfinal/SpiderSystem/Front2/node_modules/@testing-library/react/dist/pure.js:190:26)\n    at render (/Users/hugolozano/Desktop/spidersapfinal/SpiderSystem/Front2/node_modules/@testing-library/react/dist/pure.js:292:10)\n    at renderHook (/Users/hugolozano/Desktop/spidersapfinal/SpiderSystem/Front2/node_modules/@testing-library/react/dist/pure.js:340:7)\n    at /Users/hugolozano/Desktop/spidersapfinal/SpiderSystem/Front2/src/components/Admin/__tests__/useAdminLogic.test.jsx:101:34\n    at Generator.call (/Users/hugolozano/Desktop/spidersapfinal/SpiderSystem/Front2/src/components/Admin/__tests__/useAdminLogic.test.jsx:2:1)\n    at Generator._invoke [as next] (/Users/hugolozano/Desktop/spidersapfinal/SpiderSystem/Front2/src/components/Admin/__tests__/useAdminLogic.test.jsx:2:1)\n    at asyncGeneratorStep (/Users/hugolozano/Desktop/spidersapfinal/SpiderSystem/Front2/src/components/Admin/__tests__/useAdminLogic.test.jsx:2:1)\n    at asyncGeneratorStep (/Users/hugolozano/Desktop/spidersapfinal/SpiderSystem/Front2/src/components/Admin/__tests__/useAdminLogic.test.jsx:2:1)\n    at _next (/Users/hugolozano/Desktop/spidersapfinal/SpiderSystem/Front2/src/components/Admin/__tests__/useAdminLogic.test.jsx:2:1)\n    at new Promise (<anonymous>)\n    at Object.<anonymous> (/Users/hugolozano/Desktop/spidersapfinal/SpiderSystem/Front2/src/components/Admin/__tests__/useAdminLogic.test.jsx:2:1)\n    at Promise.then.completed (/Users/hugolozano/node_modules/jest-circus/build/utils.js:298:28)\n    at new Promise (<anonymous>)\n    at callAsyncCircusFn (/Users/hugolozano/node_modules/jest-circus/build/utils.js:231:10)\n    at _callCircusTest (/Users/hugolozano/node_modules/jest-circus/build/run.js:316:40)\n    at processTicksAndRejections (node:internal/process/task_queues:105:5)\n    at _runTest (/Users/hugolozano/node_modules/jest-circus/build/run.js:252:3)\n    at _runTestsForDescribeBlock (/Users/hugolozano/node_modules/jest-circus/build/run.js:126:9)\n    at _runTestsForDescribeBlock (/Users/hugolozano/node_modules/jest-circus/build/run.js:121:9)\n    at run (/Users/hugolozano/node_modules/jest-circus/build/run.js:71:3)\n    at runAndTransformResultsToJestFormat (/Users/hugolozano/node_modules/jest-circus/build/legacy-code-todo-rewrite/jestAdapterInit.js:122:21)\n    at jestAdapter (/Users/hugolozano/node_modules/jest-circus/build/legacy-code-todo-rewrite/jestAdapter.js:79:19)\n    at runTestInternal (/Users/hugolozano/node_modules/jest-runner/build/runTest.js:367:16)\n    at runTest (/Users/hugolozano/node_modules/jest-runner/build/runTest.js:444:34)"],"fullName":"useAdminLogic debería manejar la eliminación de un usuario","invocations":1,"location":{"column":3,"line":100},"numPassingAsserts":0,"retryReasons":[],"status":"failed","title":"debería manejar la eliminación de un usuario"},{"ancestorTitles":["useAdminLogic"],"duration":9,"failureDetails":[{}],"failureMessages":["TypeError: (0 , _useAdminLogic.useAdminLogic) is not a function\n    at /Users/hugolozano/Desktop/spidersapfinal/SpiderSystem/Front2/src/components/Admin/__tests__/useAdminLogic.test.jsx:122:54\n    at TestComponent (/Users/hugolozano/Desktop/spidersapfinal/SpiderSystem/Front2/node_modules/@testing-library/react/dist/pure.js:331:27)\n    at renderWithHooks (/Users/hugolozano/Desktop/spidersapfinal/SpiderSystem/Front2/node_modules/react-dom/cjs/react-dom.development.js:15486:18)\n    at mountIndeterminateComponent (/Users/hugolozano/Desktop/spidersapfinal/SpiderSystem/Front2/node_modules/react-dom/cjs/react-dom.development.js:20103:13)\n    at beginWork (/Users/hugolozano/Desktop/spidersapfinal/SpiderSystem/Front2/node_modules/react-dom/cjs/react-dom.development.js:21626:16)\n    at beginWork$1 (/Users/hugolozano/Desktop/spidersapfinal/SpiderSystem/Front2/node_modules/react-dom/cjs/react-dom.development.js:27465:14)\n    at performUnitOfWork (/Users/hugolozano/Desktop/spidersapfinal/SpiderSystem/Front2/node_modules/react-dom/cjs/react-dom.development.js:26599:12)\n    at workLoopSync (/Users/hugolozano/Desktop/spidersapfinal/SpiderSystem/Front2/node_modules/react-dom/cjs/react-dom.development.js:26505:5)\n    at renderRootSync (/Users/hugolozano/Desktop/spidersapfinal/SpiderSystem/Front2/node_modules/react-dom/cjs/react-dom.development.js:26473:7)\n    at recoverFromConcurrentError (/Users/hugolozano/Desktop/spidersapfinal/SpiderSystem/Front2/node_modules/react-dom/cjs/react-dom.development.js:25889:20)\n    at performConcurrentWorkOnRoot (/Users/hugolozano/Desktop/spidersapfinal/SpiderSystem/Front2/node_modules/react-dom/cjs/react-dom.development.js:25789:22)\n    at flushActQueue (/Users/hugolozano/Desktop/spidersapfinal/SpiderSystem/Front2/node_modules/react/cjs/react.development.js:2667:24)\n    at act (/Users/hugolozano/Desktop/spidersapfinal/SpiderSystem/Front2/node_modules/react/cjs/react.development.js:2582:11)\n    at /Users/hugolozano/Desktop/spidersapfinal/SpiderSystem/Front2/node_modules/@testing-library/react/dist/act-compat.js:47:25\n    at renderRoot (/Users/hugolozano/Desktop/spidersapfinal/SpiderSystem/Front2/node_modules/@testing-library/react/dist/pure.js:190:26)\n    at render (/Users/hugolozano/Desktop/spidersapfinal/SpiderSystem/Front2/node_modules/@testing-library/react/dist/pure.js:292:10)\n    at renderHook (/Users/hugolozano/Desktop/spidersapfinal/SpiderSystem/Front2/node_modules/@testing-library/react/dist/pure.js:340:7)\n    at Object.<anonymous> (/Users/hugolozano/Desktop/spidersapfinal/SpiderSystem/Front2/src/components/Admin/__tests__/useAdminLogic.test.jsx:122:34)\n    at Promise.then.completed (/Users/hugolozano/node_modules/jest-circus/build/utils.js:298:28)\n    at new Promise (<anonymous>)\n    at callAsyncCircusFn (/Users/hugolozano/node_modules/jest-circus/build/utils.js:231:10)\n    at _callCircusTest (/Users/hugolozano/node_modules/jest-circus/build/run.js:316:40)\n    at processTicksAndRejections (node:internal/process/task_queues:105:5)\n    at _runTest (/Users/hugolozano/node_modules/jest-circus/build/run.js:252:3)\n    at _runTestsForDescribeBlock (/Users/hugolozano/node_modules/jest-circus/build/run.js:126:9)\n    at _runTestsForDescribeBlock (/Users/hugolozano/node_modules/jest-circus/build/run.js:121:9)\n    at run (/Users/hugolozano/node_modules/jest-circus/build/run.js:71:3)\n    at runAndTransformResultsToJestFormat (/Users/hugolozano/node_modules/jest-circus/build/legacy-code-todo-rewrite/jestAdapterInit.js:122:21)\n    at jestAdapter (/Users/hugolozano/node_modules/jest-circus/build/legacy-code-todo-rewrite/jestAdapter.js:79:19)\n    at runTestInternal (/Users/hugolozano/node_modules/jest-runner/build/runTest.js:367:16)\n    at runTest (/Users/hugolozano/node_modules/jest-runner/build/runTest.js:444:34)"],"fullName":"useAdminLogic debería validar el formulario correctamente","invocations":1,"location":{"column":3,"line":121},"numPassingAsserts":0,"retryReasons":[],"status":"failed","title":"debería validar el formulario correctamente"},{"ancestorTitles":["useAdminLogic"],"duration":7,"failureDetails":[{}],"failureMessages":["TypeError: (0 , _useAdminLogic.useAdminLogic) is not a function\n    at /Users/hugolozano/Desktop/spidersapfinal/SpiderSystem/Front2/src/components/Admin/__tests__/useAdminLogic.test.jsx:159:54\n    at TestComponent (/Users/hugolozano/Desktop/spidersapfinal/SpiderSystem/Front2/node_modules/@testing-library/react/dist/pure.js:331:27)\n    at renderWithHooks (/Users/hugolozano/Desktop/spidersapfinal/SpiderSystem/Front2/node_modules/react-dom/cjs/react-dom.development.js:15486:18)\n    at mountIndeterminateComponent (/Users/hugolozano/Desktop/spidersapfinal/SpiderSystem/Front2/node_modules/react-dom/cjs/react-dom.development.js:20103:13)\n    at beginWork (/Users/hugolozano/Desktop/spidersapfinal/SpiderSystem/Front2/node_modules/react-dom/cjs/react-dom.development.js:21626:16)\n    at beginWork$1 (/Users/hugolozano/Desktop/spidersapfinal/SpiderSystem/Front2/node_modules/react-dom/cjs/react-dom.development.js:27465:14)\n    at performUnitOfWork (/Users/hugolozano/Desktop/spidersapfinal/SpiderSystem/Front2/node_modules/react-dom/cjs/react-dom.development.js:26599:12)\n    at workLoopSync (/Users/hugolozano/Desktop/spidersapfinal/SpiderSystem/Front2/node_modules/react-dom/cjs/react-dom.development.js:26505:5)\n    at renderRootSync (/Users/hugolozano/Desktop/spidersapfinal/SpiderSystem/Front2/node_modules/react-dom/cjs/react-dom.development.js:26473:7)\n    at recoverFromConcurrentError (/Users/hugolozano/Desktop/spidersapfinal/SpiderSystem/Front2/node_modules/react-dom/cjs/react-dom.development.js:25889:20)\n    at performConcurrentWorkOnRoot (/Users/hugolozano/Desktop/spidersapfinal/SpiderSystem/Front2/node_modules/react-dom/cjs/react-dom.development.js:25789:22)\n    at flushActQueue (/Users/hugolozano/Desktop/spidersapfinal/SpiderSystem/Front2/node_modules/react/cjs/react.development.js:2667:24)\n    at act (/Users/hugolozano/Desktop/spidersapfinal/SpiderSystem/Front2/node_modules/react/cjs/react.development.js:2582:11)\n    at /Users/hugolozano/Desktop/spidersapfinal/SpiderSystem/Front2/node_modules/@testing-library/react/dist/act-compat.js:47:25\n    at renderRoot (/Users/hugolozano/Desktop/spidersapfinal/SpiderSystem/Front2/node_modules/@testing-library/react/dist/pure.js:190:26)\n    at render (/Users/hugolozano/Desktop/spidersapfinal/SpiderSystem/Front2/node_modules/@testing-library/react/dist/pure.js:292:10)\n    at renderHook (/Users/hugolozano/Desktop/spidersapfinal/SpiderSystem/Front2/node_modules/@testing-library/react/dist/pure.js:340:7)\n    at /Users/hugolozano/Desktop/spidersapfinal/SpiderSystem/Front2/src/components/Admin/__tests__/useAdminLogic.test.jsx:159:34\n    at Generator.call (/Users/hugolozano/Desktop/spidersapfinal/SpiderSystem/Front2/src/components/Admin/__tests__/useAdminLogic.test.jsx:2:1)\n    at Generator._invoke [as next] (/Users/hugolozano/Desktop/spidersapfinal/SpiderSystem/Front2/src/components/Admin/__tests__/useAdminLogic.test.jsx:2:1)\n    at asyncGeneratorStep (/Users/hugolozano/Desktop/spidersapfinal/SpiderSystem/Front2/src/components/Admin/__tests__/useAdminLogic.test.jsx:2:1)\n    at asyncGeneratorStep (/Users/hugolozano/Desktop/spidersapfinal/SpiderSystem/Front2/src/components/Admin/__tests__/useAdminLogic.test.jsx:2:1)\n    at _next (/Users/hugolozano/Desktop/spidersapfinal/SpiderSystem/Front2/src/components/Admin/__tests__/useAdminLogic.test.jsx:2:1)\n    at new Promise (<anonymous>)\n    at Object.<anonymous> (/Users/hugolozano/Desktop/spidersapfinal/SpiderSystem/Front2/src/components/Admin/__tests__/useAdminLogic.test.jsx:2:1)\n    at Promise.then.completed (/Users/hugolozano/node_modules/jest-circus/build/utils.js:298:28)\n    at new Promise (<anonymous>)\n    at callAsyncCircusFn (/Users/hugolozano/node_modules/jest-circus/build/utils.js:231:10)\n    at _callCircusTest (/Users/hugolozano/node_modules/jest-circus/build/run.js:316:40)\n    at processTicksAndRejections (node:internal/process/task_queues:105:5)\n    at _runTest (/Users/hugolozano/node_modules/jest-circus/build/run.js:252:3)\n    at _runTestsForDescribeBlock (/Users/hugolozano/node_modules/jest-circus/build/run.js:126:9)\n    at _runTestsForDescribeBlock (/Users/hugolozano/node_modules/jest-circus/build/run.js:121:9)\n    at run (/Users/hugolozano/node_modules/jest-circus/build/run.js:71:3)\n    at runAndTransformResultsToJestFormat (/Users/hugolozano/node_modules/jest-circus/build/legacy-code-todo-rewrite/jestAdapterInit.js:122:21)\n    at jestAdapter (/Users/hugolozano/node_modules/jest-circus/build/legacy-code-todo-rewrite/jestAdapter.js:79:19)\n    at runTestInternal (/Users/hugolozano/node_modules/jest-runner/build/runTest.js:367:16)\n    at runTest (/Users/hugolozano/node_modules/jest-runner/build/runTest.js:444:34)"],"fullName":"useAdminLogic debería guardar un nuevo usuario correctamente","invocations":1,"location":{"column":3,"line":158},"numPassingAsserts":0,"retryReasons":[],"status":"failed","title":"debería guardar un nuevo usuario correctamente"},{"ancestorTitles":["useAdminLogic"],"duration":10,"failureDetails":[{}],"failureMessages":["TypeError: (0 , _useAdminLogic.useAdminLogic) is not a function\n    at /Users/hugolozano/Desktop/spidersapfinal/SpiderSystem/Front2/src/components/Admin/__tests__/useAdminLogic.test.jsx:186:54\n    at TestComponent (/Users/hugolozano/Desktop/spidersapfinal/SpiderSystem/Front2/node_modules/@testing-library/react/dist/pure.js:331:27)\n    at renderWithHooks (/Users/hugolozano/Desktop/spidersapfinal/SpiderSystem/Front2/node_modules/react-dom/cjs/react-dom.development.js:15486:18)\n    at mountIndeterminateComponent (/Users/hugolozano/Desktop/spidersapfinal/SpiderSystem/Front2/node_modules/react-dom/cjs/react-dom.development.js:20103:13)\n    at beginWork (/Users/hugolozano/Desktop/spidersapfinal/SpiderSystem/Front2/node_modules/react-dom/cjs/react-dom.development.js:21626:16)\n    at beginWork$1 (/Users/hugolozano/Desktop/spidersapfinal/SpiderSystem/Front2/node_modules/react-dom/cjs/react-dom.development.js:27465:14)\n    at performUnitOfWork (/Users/hugolozano/Desktop/spidersapfinal/SpiderSystem/Front2/node_modules/react-dom/cjs/react-dom.development.js:26599:12)\n    at workLoopSync (/Users/hugolozano/Desktop/spidersapfinal/SpiderSystem/Front2/node_modules/react-dom/cjs/react-dom.development.js:26505:5)\n    at renderRootSync (/Users/hugolozano/Desktop/spidersapfinal/SpiderSystem/Front2/node_modules/react-dom/cjs/react-dom.development.js:26473:7)\n    at recoverFromConcurrentError (/Users/hugolozano/Desktop/spidersapfinal/SpiderSystem/Front2/node_modules/react-dom/cjs/react-dom.development.js:25889:20)\n    at performConcurrentWorkOnRoot (/Users/hugolozano/Desktop/spidersapfinal/SpiderSystem/Front2/node_modules/react-dom/cjs/react-dom.development.js:25789:22)\n    at flushActQueue (/Users/hugolozano/Desktop/spidersapfinal/SpiderSystem/Front2/node_modules/react/cjs/react.development.js:2667:24)\n    at act (/Users/hugolozano/Desktop/spidersapfinal/SpiderSystem/Front2/node_modules/react/cjs/react.development.js:2582:11)\n    at /Users/hugolozano/Desktop/spidersapfinal/SpiderSystem/Front2/node_modules/@testing-library/react/dist/act-compat.js:47:25\n    at renderRoot (/Users/hugolozano/Desktop/spidersapfinal/SpiderSystem/Front2/node_modules/@testing-library/react/dist/pure.js:190:26)\n    at render (/Users/hugolozano/Desktop/spidersapfinal/SpiderSystem/Front2/node_modules/@testing-library/react/dist/pure.js:292:10)\n    at renderHook (/Users/hugolozano/Desktop/spidersapfinal/SpiderSystem/Front2/node_modules/@testing-library/react/dist/pure.js:340:7)\n    at /Users/hugolozano/Desktop/spidersapfinal/SpiderSystem/Front2/src/components/Admin/__tests__/useAdminLogic.test.jsx:186:34\n    at Generator.call (/Users/hugolozano/Desktop/spidersapfinal/SpiderSystem/Front2/src/components/Admin/__tests__/useAdminLogic.test.jsx:2:1)\n    at Generator._invoke [as next] (/Users/hugolozano/Desktop/spidersapfinal/SpiderSystem/Front2/src/components/Admin/__tests__/useAdminLogic.test.jsx:2:1)\n    at asyncGeneratorStep (/Users/hugolozano/Desktop/spidersapfinal/SpiderSystem/Front2/src/components/Admin/__tests__/useAdminLogic.test.jsx:2:1)\n    at asyncGeneratorStep (/Users/hugolozano/Desktop/spidersapfinal/SpiderSystem/Front2/src/components/Admin/__tests__/useAdminLogic.test.jsx:2:1)\n    at _next (/Users/hugolozano/Desktop/spidersapfinal/SpiderSystem/Front2/src/components/Admin/__tests__/useAdminLogic.test.jsx:2:1)\n    at new Promise (<anonymous>)\n    at Object.<anonymous> (/Users/hugolozano/Desktop/spidersapfinal/SpiderSystem/Front2/src/components/Admin/__tests__/useAdminLogic.test.jsx:2:1)\n    at Promise.then.completed (/Users/hugolozano/node_modules/jest-circus/build/utils.js:298:28)\n    at new Promise (<anonymous>)\n    at callAsyncCircusFn (/Users/hugolozano/node_modules/jest-circus/build/utils.js:231:10)\n    at _callCircusTest (/Users/hugolozano/node_modules/jest-circus/build/run.js:316:40)\n    at processTicksAndRejections (node:internal/process/task_queues:105:5)\n    at _runTest (/Users/hugolozano/node_modules/jest-circus/build/run.js:252:3)\n    at _runTestsForDescribeBlock (/Users/hugolozano/node_modules/jest-circus/build/run.js:126:9)\n    at _runTestsForDescribeBlock (/Users/hugolozano/node_modules/jest-circus/build/run.js:121:9)\n    at run (/Users/hugolozano/node_modules/jest-circus/build/run.js:71:3)\n    at runAndTransformResultsToJestFormat (/Users/hugolozano/node_modules/jest-circus/build/legacy-code-todo-rewrite/jestAdapterInit.js:122:21)\n    at jestAdapter (/Users/hugolozano/node_modules/jest-circus/build/legacy-code-todo-rewrite/jestAdapter.js:79:19)\n    at runTestInternal (/Users/hugolozano/node_modules/jest-runner/build/runTest.js:367:16)\n    at runTest (/Users/hugolozano/node_modules/jest-runner/build/runTest.js:444:34)"],"fullName":"useAdminLogic debería actualizar un usuario existente correctamente","invocations":1,"location":{"column":3,"line":185},"numPassingAsserts":0,"retryReasons":[],"status":"failed","title":"debería actualizar un usuario existente correctamente"},{"ancestorTitles":["useAdminLogic"],"duration":6,"failureDetails":[{}],"failureMessages":["TypeError: (0 , _useAdminLogic.useAdminLogic) is not a function\n    at /Users/hugolozano/Desktop/spidersapfinal/SpiderSystem/Front2/src/components/Admin/__tests__/useAdminLogic.test.jsx:211:54\n    at TestComponent (/Users/hugolozano/Desktop/spidersapfinal/SpiderSystem/Front2/node_modules/@testing-library/react/dist/pure.js:331:27)\n    at renderWithHooks (/Users/hugolozano/Desktop/spidersapfinal/SpiderSystem/Front2/node_modules/react-dom/cjs/react-dom.development.js:15486:18)\n    at mountIndeterminateComponent (/Users/hugolozano/Desktop/spidersapfinal/SpiderSystem/Front2/node_modules/react-dom/cjs/react-dom.development.js:20103:13)\n    at beginWork (/Users/hugolozano/Desktop/spidersapfinal/SpiderSystem/Front2/node_modules/react-dom/cjs/react-dom.development.js:21626:16)\n    at beginWork$1 (/Users/hugolozano/Desktop/spidersapfinal/SpiderSystem/Front2/node_modules/react-dom/cjs/react-dom.development.js:27465:14)\n    at performUnitOfWork (/Users/hugolozano/Desktop/spidersapfinal/SpiderSystem/Front2/node_modules/react-dom/cjs/react-dom.development.js:26599:12)\n    at workLoopSync (/Users/hugolozano/Desktop/spidersapfinal/SpiderSystem/Front2/node_modules/react-dom/cjs/react-dom.development.js:26505:5)\n    at renderRootSync (/Users/hugolozano/Desktop/spidersapfinal/SpiderSystem/Front2/node_modules/react-dom/cjs/react-dom.development.js:26473:7)\n    at recoverFromConcurrentError (/Users/hugolozano/Desktop/spidersapfinal/SpiderSystem/Front2/node_modules/react-dom/cjs/react-dom.development.js:25889:20)\n    at performConcurrentWorkOnRoot (/Users/hugolozano/Desktop/spidersapfinal/SpiderSystem/Front2/node_modules/react-dom/cjs/react-dom.development.js:25789:22)\n    at flushActQueue (/Users/hugolozano/Desktop/spidersapfinal/SpiderSystem/Front2/node_modules/react/cjs/react.development.js:2667:24)\n    at act (/Users/hugolozano/Desktop/spidersapfinal/SpiderSystem/Front2/node_modules/react/cjs/react.development.js:2582:11)\n    at /Users/hugolozano/Desktop/spidersapfinal/SpiderSystem/Front2/node_modules/@testing-library/react/dist/act-compat.js:47:25\n    at renderRoot (/Users/hugolozano/Desktop/spidersapfinal/SpiderSystem/Front2/node_modules/@testing-library/react/dist/pure.js:190:26)\n    at render (/Users/hugolozano/Desktop/spidersapfinal/SpiderSystem/Front2/node_modules/@testing-library/react/dist/pure.js:292:10)\n    at renderHook (/Users/hugolozano/Desktop/spidersapfinal/SpiderSystem/Front2/node_modules/@testing-library/react/dist/pure.js:340:7)\n    at Object.<anonymous> (/Users/hugolozano/Desktop/spidersapfinal/SpiderSystem/Front2/src/components/Admin/__tests__/useAdminLogic.test.jsx:211:34)\n    at Promise.then.completed (/Users/hugolozano/node_modules/jest-circus/build/utils.js:298:28)\n    at new Promise (<anonymous>)\n    at callAsyncCircusFn (/Users/hugolozano/node_modules/jest-circus/build/utils.js:231:10)\n    at _callCircusTest (/Users/hugolozano/node_modules/jest-circus/build/run.js:316:40)\n    at processTicksAndRejections (node:internal/process/task_queues:105:5)\n    at _runTest (/Users/hugolozano/node_modules/jest-circus/build/run.js:252:3)\n    at _runTestsForDescribeBlock (/Users/hugolozano/node_modules/jest-circus/build/run.js:126:9)\n    at _runTestsForDescribeBlock (/Users/hugolozano/node_modules/jest-circus/build/run.js:121:9)\n    at run (/Users/hugolozano/node_modules/jest-circus/build/run.js:71:3)\n    at runAndTransformResultsToJestFormat (/Users/hugolozano/node_modules/jest-circus/build/legacy-code-todo-rewrite/jestAdapterInit.js:122:21)\n    at jestAdapter (/Users/hugolozano/node_modules/jest-circus/build/legacy-code-todo-rewrite/jestAdapter.js:79:19)\n    at runTestInternal (/Users/hugolozano/node_modules/jest-runner/build/runTest.js:367:16)\n    at runTest (/Users/hugolozano/node_modules/jest-runner/build/runTest.js:444:34)"],"fullName":"useAdminLogic debería obtener el color correcto para cada rol","invocations":1,"location":{"column":3,"line":210},"numPassingAsserts":0,"retryReasons":[],"status":"failed","title":"debería obtener el color correcto para cada rol"},{"ancestorTitles":["useAdminLogic"],"duration":8,"failureDetails":[{}],"failureMessages":["TypeError: (0 , _useAdminLogic.useAdminLogic) is not a function\n    at /Users/hugolozano/Desktop/spidersapfinal/SpiderSystem/Front2/src/components/Admin/__tests__/useAdminLogic.test.jsx:221:54\n    at TestComponent (/Users/hugolozano/Desktop/spidersapfinal/SpiderSystem/Front2/node_modules/@testing-library/react/dist/pure.js:331:27)\n    at renderWithHooks (/Users/hugolozano/Desktop/spidersapfinal/SpiderSystem/Front2/node_modules/react-dom/cjs/react-dom.development.js:15486:18)\n    at mountIndeterminateComponent (/Users/hugolozano/Desktop/spidersapfinal/SpiderSystem/Front2/node_modules/react-dom/cjs/react-dom.development.js:20103:13)\n    at beginWork (/Users/hugolozano/Desktop/spidersapfinal/SpiderSystem/Front2/node_modules/react-dom/cjs/react-dom.development.js:21626:16)\n    at beginWork$1 (/Users/hugolozano/Desktop/spidersapfinal/SpiderSystem/Front2/node_modules/react-dom/cjs/react-dom.development.js:27465:14)\n    at performUnitOfWork (/Users/hugolozano/Desktop/spidersapfinal/SpiderSystem/Front2/node_modules/react-dom/cjs/react-dom.development.js:26599:12)\n    at workLoopSync (/Users/hugolozano/Desktop/spidersapfinal/SpiderSystem/Front2/node_modules/react-dom/cjs/react-dom.development.js:26505:5)\n    at renderRootSync (/Users/hugolozano/Desktop/spidersapfinal/SpiderSystem/Front2/node_modules/react-dom/cjs/react-dom.development.js:26473:7)\n    at recoverFromConcurrentError (/Users/hugolozano/Desktop/spidersapfinal/SpiderSystem/Front2/node_modules/react-dom/cjs/react-dom.development.js:25889:20)\n    at performConcurrentWorkOnRoot (/Users/hugolozano/Desktop/spidersapfinal/SpiderSystem/Front2/node_modules/react-dom/cjs/react-dom.development.js:25789:22)\n    at flushActQueue (/Users/hugolozano/Desktop/spidersapfinal/SpiderSystem/Front2/node_modules/react/cjs/react.development.js:2667:24)\n    at act (/Users/hugolozano/Desktop/spidersapfinal/SpiderSystem/Front2/node_modules/react/cjs/react.development.js:2582:11)\n    at /Users/hugolozano/Desktop/spidersapfinal/SpiderSystem/Front2/node_modules/@testing-library/react/dist/act-compat.js:47:25\n    at renderRoot (/Users/hugolozano/Desktop/spidersapfinal/SpiderSystem/Front2/node_modules/@testing-library/react/dist/pure.js:190:26)\n    at render (/Users/hugolozano/Desktop/spidersapfinal/SpiderSystem/Front2/node_modules/@testing-library/react/dist/pure.js:292:10)\n    at renderHook (/Users/hugolozano/Desktop/spidersapfinal/SpiderSystem/Front2/node_modules/@testing-library/react/dist/pure.js:340:7)\n    at Object.<anonymous> (/Users/hugolozano/Desktop/spidersapfinal/SpiderSystem/Front2/src/components/Admin/__tests__/useAdminLogic.test.jsx:221:34)\n    at Promise.then.completed (/Users/hugolozano/node_modules/jest-circus/build/utils.js:298:28)\n    at new Promise (<anonymous>)\n    at callAsyncCircusFn (/Users/hugolozano/node_modules/jest-circus/build/utils.js:231:10)\n    at _callCircusTest (/Users/hugolozano/node_modules/jest-circus/build/run.js:316:40)\n    at processTicksAndRejections (node:internal/process/task_queues:105:5)\n    at _runTest (/Users/hugolozano/node_modules/jest-circus/build/run.js:252:3)\n    at _runTestsForDescribeBlock (/Users/hugolozano/node_modules/jest-circus/build/run.js:126:9)\n    at _runTestsForDescribeBlock (/Users/hugolozano/node_modules/jest-circus/build/run.js:121:9)\n    at run (/Users/hugolozano/node_modules/jest-circus/build/run.js:71:3)\n    at runAndTransformResultsToJestFormat (/Users/hugolozano/node_modules/jest-circus/build/legacy-code-todo-rewrite/jestAdapterInit.js:122:21)\n    at jestAdapter (/Users/hugolozano/node_modules/jest-circus/build/legacy-code-todo-rewrite/jestAdapter.js:79:19)\n    at runTestInternal (/Users/hugolozano/node_modules/jest-runner/build/runTest.js:367:16)\n    at runTest (/Users/hugolozano/node_modules/jest-runner/build/runTest.js:444:34)"],"fullName":"useAdminLogic debería obtener las iniciales correctamente","invocations":1,"location":{"column":3,"line":220},"numPassingAsserts":0,"retryReasons":[],"status":"failed","title":"debería obtener las iniciales correctamente"}],"endTime":1749515842286,"message":"\u001b[1m\u001b[31m  \u001b[1m● \u001b[22m\u001b[1museAdminLogic › debería inicializar con el estado correcto\u001b[39m\u001b[22m\n\n    TypeError: (0 , _useAdminLogic.useAdminLogic) is not a function\n\u001b[2m\u001b[22m\n\u001b[2m    \u001b[0m \u001b[90m 44 |\u001b[39m\u001b[22m\n\u001b[2m     \u001b[90m 45 |\u001b[39m   it(\u001b[32m'debería inicializar con el estado correcto'\u001b[39m\u001b[33m,\u001b[39m () \u001b[33m=>\u001b[39m {\u001b[22m\n\u001b[2m    \u001b[31m\u001b[1m>\u001b[22m\u001b[2m\u001b[39m\u001b[90m 46 |\u001b[39m     \u001b[36mconst\u001b[39m { result } \u001b[33m=\u001b[39m renderHook(() \u001b[33m=>\u001b[39m useAdminLogic())\u001b[33m;\u001b[39m\u001b[22m\n\u001b[2m     \u001b[90m    |\u001b[39m                                                      \u001b[31m\u001b[1m^\u001b[22m\u001b[2m\u001b[39m\u001b[22m\n\u001b[2m     \u001b[90m 47 |\u001b[39m\u001b[22m\n\u001b[2m     \u001b[90m 48 |\u001b[39m     expect(result\u001b[33m.\u001b[39mcurrent\u001b[33m.\u001b[39mloading)\u001b[33m.\u001b[39mtoBe(\u001b[36mfalse\u001b[39m)\u001b[33m;\u001b[39m\u001b[22m\n\u001b[2m     \u001b[90m 49 |\u001b[39m     expect(result\u001b[33m.\u001b[39mcurrent\u001b[33m.\u001b[39merror)\u001b[33m.\u001b[39mtoBe(\u001b[36mnull\u001b[39m)\u001b[33m;\u001b[39m\u001b[0m\u001b[22m\n\u001b[2m\u001b[22m\n\u001b[2m      \u001b[2mat \u001b[22m\u001b[2m\u001b[0m\u001b[36msrc/components/Admin/__tests__/useAdminLogic.test.jsx\u001b[39m\u001b[0m\u001b[2m:46:54\u001b[22m\u001b[2m\u001b[22m\n\u001b[2m      \u001b[2mat TestComponent (\u001b[22m\u001b[2mnode_modules/@testing-library/react/dist/pure.js\u001b[2m:331:27)\u001b[22m\u001b[2m\u001b[22m\n\u001b[2m      \u001b[2mat renderWithHooks (\u001b[22m\u001b[2mnode_modules/react-dom/cjs/react-dom.development.js\u001b[2m:15486:18)\u001b[22m\u001b[2m\u001b[22m\n\u001b[2m      \u001b[2mat mountIndeterminateComponent (\u001b[22m\u001b[2mnode_modules/react-dom/cjs/react-dom.development.js\u001b[2m:20103:13)\u001b[22m\u001b[2m\u001b[22m\n\u001b[2m      \u001b[2mat beginWork (\u001b[22m\u001b[2mnode_modules/react-dom/cjs/react-dom.development.js\u001b[2m:21626:16)\u001b[22m\u001b[2m\u001b[22m\n\u001b[2m      \u001b[2mat beginWork$1 (\u001b[22m\u001b[2mnode_modules/react-dom/cjs/react-dom.development.js\u001b[2m:27465:14)\u001b[22m\u001b[2m\u001b[22m\n\u001b[2m      \u001b[2mat performUnitOfWork (\u001b[22m\u001b[2mnode_modules/react-dom/cjs/react-dom.development.js\u001b[2m:26599:12)\u001b[22m\u001b[2m\u001b[22m\n\u001b[2m      \u001b[2mat workLoopSync (\u001b[22m\u001b[2mnode_modules/react-dom/cjs/react-dom.development.js\u001b[2m:26505:5)\u001b[22m\u001b[2m\u001b[22m\n\u001b[2m      \u001b[2mat renderRootSync (\u001b[22m\u001b[2mnode_modules/react-dom/cjs/react-dom.development.js\u001b[2m:26473:7)\u001b[22m\u001b[2m\u001b[22m\n\u001b[2m      \u001b[2mat recoverFromConcurrentError (\u001b[22m\u001b[2mnode_modules/react-dom/cjs/react-dom.development.js\u001b[2m:25889:20)\u001b[22m\u001b[2m\u001b[22m\n\u001b[2m      \u001b[2mat performConcurrentWorkOnRoot (\u001b[22m\u001b[2mnode_modules/react-dom/cjs/react-dom.development.js\u001b[2m:25789:22)\u001b[22m\u001b[2m\u001b[22m\n\u001b[2m      \u001b[2mat flushActQueue (\u001b[22m\u001b[2mnode_modules/react/cjs/react.development.js\u001b[2m:2667:24)\u001b[22m\u001b[2m\u001b[22m\n\u001b[2m      \u001b[2mat act (\u001b[22m\u001b[2mnode_modules/react/cjs/react.development.js\u001b[2m:2582:11)\u001b[22m\u001b[2m\u001b[22m\n\u001b[2m      \u001b[2mat \u001b[22m\u001b[2mnode_modules/@testing-library/react/dist/act-compat.js\u001b[2m:47:25\u001b[22m\u001b[2m\u001b[22m\n\u001b[2m      \u001b[2mat renderRoot (\u001b[22m\u001b[2mnode_modules/@testing-library/react/dist/pure.js\u001b[2m:190:26)\u001b[22m\u001b[2m\u001b[22m\n\u001b[2m      \u001b[2mat render (\u001b[22m\u001b[2mnode_modules/@testing-library/react/dist/pure.js\u001b[2m:292:10)\u001b[22m\u001b[2m\u001b[22m\n\u001b[2m      \u001b[2mat renderHook (\u001b[22m\u001b[2mnode_modules/@testing-library/react/dist/pure.js\u001b[2m:340:7)\u001b[22m\u001b[2m\u001b[22m\n\u001b[2m      \u001b[2mat Object.<anonymous> (\u001b[22m\u001b[2m\u001b[0m\u001b[36msrc/components/Admin/__tests__/useAdminLogic.test.jsx\u001b[39m\u001b[0m\u001b[2m:46:34)\u001b[22m\u001b[2m\u001b[22m\n\n\u001b[1m\u001b[31m  \u001b[1m● \u001b[22m\u001b[1museAdminLogic › debería manejar la adición de un nuevo usuario\u001b[39m\u001b[22m\n\n    TypeError: (0 , _useAdminLogic.useAdminLogic) is not a function\n\u001b[2m\u001b[22m\n\u001b[2m    \u001b[0m \u001b[90m 65 |\u001b[39m\u001b[22m\n\u001b[2m     \u001b[90m 66 |\u001b[39m   it(\u001b[32m'debería manejar la adición de un nuevo usuario'\u001b[39m\u001b[33m,\u001b[39m () \u001b[33m=>\u001b[39m {\u001b[22m\n\u001b[2m    \u001b[31m\u001b[1m>\u001b[22m\u001b[2m\u001b[39m\u001b[90m 67 |\u001b[39m     \u001b[36mconst\u001b[39m { result } \u001b[33m=\u001b[39m renderHook(() \u001b[33m=>\u001b[39m useAdminLogic())\u001b[33m;\u001b[39m\u001b[22m\n\u001b[2m     \u001b[90m    |\u001b[39m                                                      \u001b[31m\u001b[1m^\u001b[22m\u001b[2m\u001b[39m\u001b[22m\n\u001b[2m     \u001b[90m 68 |\u001b[39m\u001b[22m\n\u001b[2m     \u001b[90m 69 |\u001b[39m     act(() \u001b[33m=>\u001b[39m {\u001b[22m\n\u001b[2m     \u001b[90m 70 |\u001b[39m       result\u001b[33m.\u001b[39mcurrent\u001b[33m.\u001b[39mhandleAddUsuario()\u001b[33m;\u001b[39m\u001b[0m\u001b[22m\n\u001b[2m\u001b[22m\n\u001b[2m      \u001b[2mat \u001b[22m\u001b[2m\u001b[0m\u001b[36msrc/components/Admin/__tests__/useAdminLogic.test.jsx\u001b[39m\u001b[0m\u001b[2m:67:54\u001b[22m\u001b[2m\u001b[22m\n\u001b[2m      \u001b[2mat TestComponent (\u001b[22m\u001b[2mnode_modules/@testing-library/react/dist/pure.js\u001b[2m:331:27)\u001b[22m\u001b[2m\u001b[22m\n\u001b[2m      \u001b[2mat renderWithHooks (\u001b[22m\u001b[2mnode_modules/react-dom/cjs/react-dom.development.js\u001b[2m:15486:18)\u001b[22m\u001b[2m\u001b[22m\n\u001b[2m      \u001b[2mat mountIndeterminateComponent (\u001b[22m\u001b[2mnode_modules/react-dom/cjs/react-dom.development.js\u001b[2m:20103:13)\u001b[22m\u001b[2m\u001b[22m\n\u001b[2m      \u001b[2mat beginWork (\u001b[22m\u001b[2mnode_modules/react-dom/cjs/react-dom.development.js\u001b[2m:21626:16)\u001b[22m\u001b[2m\u001b[22m\n\u001b[2m      \u001b[2mat beginWork$1 (\u001b[22m\u001b[2mnode_modules/react-dom/cjs/react-dom.development.js\u001b[2m:27465:14)\u001b[22m\u001b[2m\u001b[22m\n\u001b[2m      \u001b[2mat performUnitOfWork (\u001b[22m\u001b[2mnode_modules/react-dom/cjs/react-dom.development.js\u001b[2m:26599:12)\u001b[22m\u001b[2m\u001b[22m\n\u001b[2m      \u001b[2mat workLoopSync (\u001b[22m\u001b[2mnode_modules/react-dom/cjs/react-dom.development.js\u001b[2m:26505:5)\u001b[22m\u001b[2m\u001b[22m\n\u001b[2m      \u001b[2mat renderRootSync (\u001b[22m\u001b[2mnode_modules/react-dom/cjs/react-dom.development.js\u001b[2m:26473:7)\u001b[22m\u001b[2m\u001b[22m\n\u001b[2m      \u001b[2mat recoverFromConcurrentError (\u001b[22m\u001b[2mnode_modules/react-dom/cjs/react-dom.development.js\u001b[2m:25889:20)\u001b[22m\u001b[2m\u001b[22m\n\u001b[2m      \u001b[2mat performConcurrentWorkOnRoot (\u001b[22m\u001b[2mnode_modules/react-dom/cjs/react-dom.development.js\u001b[2m:25789:22)\u001b[22m\u001b[2m\u001b[22m\n\u001b[2m      \u001b[2mat flushActQueue (\u001b[22m\u001b[2mnode_modules/react/cjs/react.development.js\u001b[2m:2667:24)\u001b[22m\u001b[2m\u001b[22m\n\u001b[2m      \u001b[2mat act (\u001b[22m\u001b[2mnode_modules/react/cjs/react.development.js\u001b[2m:2582:11)\u001b[22m\u001b[2m\u001b[22m\n\u001b[2m      \u001b[2mat \u001b[22m\u001b[2mnode_modules/@testing-library/react/dist/act-compat.js\u001b[2m:47:25\u001b[22m\u001b[2m\u001b[22m\n\u001b[2m      \u001b[2mat renderRoot (\u001b[22m\u001b[2mnode_modules/@testing-library/react/dist/pure.js\u001b[2m:190:26)\u001b[22m\u001b[2m\u001b[22m\n\u001b[2m      \u001b[2mat render (\u001b[22m\u001b[2mnode_modules/@testing-library/react/dist/pure.js\u001b[2m:292:10)\u001b[22m\u001b[2m\u001b[22m\n\u001b[2m      \u001b[2mat renderHook (\u001b[22m\u001b[2mnode_modules/@testing-library/react/dist/pure.js\u001b[2m:340:7)\u001b[22m\u001b[2m\u001b[22m\n\u001b[2m      \u001b[2mat Object.<anonymous> (\u001b[22m\u001b[2m\u001b[0m\u001b[36msrc/components/Admin/__tests__/useAdminLogic.test.jsx\u001b[39m\u001b[0m\u001b[2m:67:34)\u001b[22m\u001b[2m\u001b[22m\n\n\u001b[1m\u001b[31m  \u001b[1m● \u001b[22m\u001b[1museAdminLogic › debería manejar la edición de un usuario existente\u001b[39m\u001b[22m\n\n    TypeError: (0 , _useAdminLogic.useAdminLogic) is not a function\n\u001b[2m\u001b[22m\n\u001b[2m    \u001b[0m \u001b[90m 83 |\u001b[39m\u001b[22m\n\u001b[2m     \u001b[90m 84 |\u001b[39m   it(\u001b[32m'debería manejar la edición de un usuario existente'\u001b[39m\u001b[33m,\u001b[39m () \u001b[33m=>\u001b[39m {\u001b[22m\n\u001b[2m    \u001b[31m\u001b[1m>\u001b[22m\u001b[2m\u001b[39m\u001b[90m 85 |\u001b[39m     \u001b[36mconst\u001b[39m { result } \u001b[33m=\u001b[39m renderHook(() \u001b[33m=>\u001b[39m useAdminLogic())\u001b[33m;\u001b[39m\u001b[22m\n\u001b[2m     \u001b[90m    |\u001b[39m                                                      \u001b[31m\u001b[1m^\u001b[22m\u001b[2m\u001b[39m\u001b[22m\n\u001b[2m     \u001b[90m 86 |\u001b[39m     \u001b[36mconst\u001b[39m usuarioToEdit \u001b[33m=\u001b[39m mockUsuarios[\u001b[35m0\u001b[39m]\u001b[33m;\u001b[39m\u001b[22m\n\u001b[2m     \u001b[90m 87 |\u001b[39m\u001b[22m\n\u001b[2m     \u001b[90m 88 |\u001b[39m     act(() \u001b[33m=>\u001b[39m {\u001b[0m\u001b[22m\n\u001b[2m\u001b[22m\n\u001b[2m      \u001b[2mat \u001b[22m\u001b[2m\u001b[0m\u001b[36msrc/components/Admin/__tests__/useAdminLogic.test.jsx\u001b[39m\u001b[0m\u001b[2m:85:54\u001b[22m\u001b[2m\u001b[22m\n\u001b[2m      \u001b[2mat TestComponent (\u001b[22m\u001b[2mnode_modules/@testing-library/react/dist/pure.js\u001b[2m:331:27)\u001b[22m\u001b[2m\u001b[22m\n\u001b[2m      \u001b[2mat renderWithHooks (\u001b[22m\u001b[2mnode_modules/react-dom/cjs/react-dom.development.js\u001b[2m:15486:18)\u001b[22m\u001b[2m\u001b[22m\n\u001b[2m      \u001b[2mat mountIndeterminateComponent (\u001b[22m\u001b[2mnode_modules/react-dom/cjs/react-dom.development.js\u001b[2m:20103:13)\u001b[22m\u001b[2m\u001b[22m\n\u001b[2m      \u001b[2mat beginWork (\u001b[22m\u001b[2mnode_modules/react-dom/cjs/react-dom.development.js\u001b[2m:21626:16)\u001b[22m\u001b[2m\u001b[22m\n\u001b[2m      \u001b[2mat beginWork$1 (\u001b[22m\u001b[2mnode_modules/react-dom/cjs/react-dom.development.js\u001b[2m:27465:14)\u001b[22m\u001b[2m\u001b[22m\n\u001b[2m      \u001b[2mat performUnitOfWork (\u001b[22m\u001b[2mnode_modules/react-dom/cjs/react-dom.development.js\u001b[2m:26599:12)\u001b[22m\u001b[2m\u001b[22m\n\u001b[2m      \u001b[2mat workLoopSync (\u001b[22m\u001b[2mnode_modules/react-dom/cjs/react-dom.development.js\u001b[2m:26505:5)\u001b[22m\u001b[2m\u001b[22m\n\u001b[2m      \u001b[2mat renderRootSync (\u001b[22m\u001b[2mnode_modules/react-dom/cjs/react-dom.development.js\u001b[2m:26473:7)\u001b[22m\u001b[2m\u001b[22m\n\u001b[2m      \u001b[2mat recoverFromConcurrentError (\u001b[22m\u001b[2mnode_modules/react-dom/cjs/react-dom.development.js\u001b[2m:25889:20)\u001b[22m\u001b[2m\u001b[22m\n\u001b[2m      \u001b[2mat performConcurrentWorkOnRoot (\u001b[22m\u001b[2mnode_modules/react-dom/cjs/react-dom.development.js\u001b[2m:25789:22)\u001b[22m\u001b[2m\u001b[22m\n\u001b[2m      \u001b[2mat flushActQueue (\u001b[22m\u001b[2mnode_modules/react/cjs/react.development.js\u001b[2m:2667:24)\u001b[22m\u001b[2m\u001b[22m\n\u001b[2m      \u001b[2mat act (\u001b[22m\u001b[2mnode_modules/react/cjs/react.development.js\u001b[2m:2582:11)\u001b[22m\u001b[2m\u001b[22m\n\u001b[2m      \u001b[2mat \u001b[22m\u001b[2mnode_modules/@testing-library/react/dist/act-compat.js\u001b[2m:47:25\u001b[22m\u001b[2m\u001b[22m\n\u001b[2m      \u001b[2mat renderRoot (\u001b[22m\u001b[2mnode_modules/@testing-library/react/dist/pure.js\u001b[2m:190:26)\u001b[22m\u001b[2m\u001b[22m\n\u001b[2m      \u001b[2mat render (\u001b[22m\u001b[2mnode_modules/@testing-library/react/dist/pure.js\u001b[2m:292:10)\u001b[22m\u001b[2m\u001b[22m\n\u001b[2m      \u001b[2mat renderHook (\u001b[22m\u001b[2mnode_modules/@testing-library/react/dist/pure.js\u001b[2m:340:7)\u001b[22m\u001b[2m\u001b[22m\n\u001b[2m      \u001b[2mat Object.<anonymous> (\u001b[22m\u001b[2m\u001b[0m\u001b[36msrc/components/Admin/__tests__/useAdminLogic.test.jsx\u001b[39m\u001b[0m\u001b[2m:85:34)\u001b[22m\u001b[2m\u001b[22m\n\n\u001b[1m\u001b[31m  \u001b[1m● \u001b[22m\u001b[1museAdminLogic › debería manejar la eliminación de un usuario\u001b[39m\u001b[22m\n\n    TypeError: (0 , _useAdminLogic.useAdminLogic) is not a function\n\u001b[2m\u001b[22m\n\u001b[2m    \u001b[0m \u001b[90m  99 |\u001b[39m\u001b[22m\n\u001b[2m     \u001b[90m 100 |\u001b[39m   it(\u001b[32m'debería manejar la eliminación de un usuario'\u001b[39m\u001b[33m,\u001b[39m \u001b[36masync\u001b[39m () \u001b[33m=>\u001b[39m {\u001b[22m\n\u001b[2m    \u001b[31m\u001b[1m>\u001b[22m\u001b[2m\u001b[39m\u001b[90m 101 |\u001b[39m     \u001b[36mconst\u001b[39m { result } \u001b[33m=\u001b[39m renderHook(() \u001b[33m=>\u001b[39m useAdminLogic())\u001b[33m;\u001b[39m\u001b[22m\n\u001b[2m     \u001b[90m     |\u001b[39m                                                      \u001b[31m\u001b[1m^\u001b[22m\u001b[2m\u001b[39m\u001b[22m\n\u001b[2m     \u001b[90m 102 |\u001b[39m     \u001b[36mconst\u001b[39m userId \u001b[33m=\u001b[39m \u001b[35m1\u001b[39m\u001b[33m;\u001b[39m\u001b[22m\n\u001b[2m     \u001b[90m 103 |\u001b[39m\u001b[22m\n\u001b[2m     \u001b[90m 104 |\u001b[39m     act(() \u001b[33m=>\u001b[39m {\u001b[0m\u001b[22m\n\u001b[2m\u001b[22m\n\u001b[2m      \u001b[2mat \u001b[22m\u001b[2m\u001b[0m\u001b[36msrc/components/Admin/__tests__/useAdminLogic.test.jsx\u001b[39m\u001b[0m\u001b[2m:101:54\u001b[22m\u001b[2m\u001b[22m\n\u001b[2m      \u001b[2mat TestComponent (\u001b[22m\u001b[2mnode_modules/@testing-library/react/dist/pure.js\u001b[2m:331:27)\u001b[22m\u001b[2m\u001b[22m\n\u001b[2m      \u001b[2mat renderWithHooks (\u001b[22m\u001b[2mnode_modules/react-dom/cjs/react-dom.development.js\u001b[2m:15486:18)\u001b[22m\u001b[2m\u001b[22m\n\u001b[2m      \u001b[2mat mountIndeterminateComponent (\u001b[22m\u001b[2mnode_modules/react-dom/cjs/react-dom.development.js\u001b[2m:20103:13)\u001b[22m\u001b[2m\u001b[22m\n\u001b[2m      \u001b[2mat beginWork (\u001b[22m\u001b[2mnode_modules/react-dom/cjs/react-dom.development.js\u001b[2m:21626:16)\u001b[22m\u001b[2m\u001b[22m\n\u001b[2m      \u001b[2mat beginWork$1 (\u001b[22m\u001b[2mnode_modules/react-dom/cjs/react-dom.development.js\u001b[2m:27465:14)\u001b[22m\u001b[2m\u001b[22m\n\u001b[2m      \u001b[2mat performUnitOfWork (\u001b[22m\u001b[2mnode_modules/react-dom/cjs/react-dom.development.js\u001b[2m:26599:12)\u001b[22m\u001b[2m\u001b[22m\n\u001b[2m      \u001b[2mat workLoopSync (\u001b[22m\u001b[2mnode_modules/react-dom/cjs/react-dom.development.js\u001b[2m:26505:5)\u001b[22m\u001b[2m\u001b[22m\n\u001b[2m      \u001b[2mat renderRootSync (\u001b[22m\u001b[2mnode_modules/react-dom/cjs/react-dom.development.js\u001b[2m:26473:7)\u001b[22m\u001b[2m\u001b[22m\n\u001b[2m      \u001b[2mat recoverFromConcurrentError (\u001b[22m\u001b[2mnode_modules/react-dom/cjs/react-dom.development.js\u001b[2m:25889:20)\u001b[22m\u001b[2m\u001b[22m\n\u001b[2m      \u001b[2mat performConcurrentWorkOnRoot (\u001b[22m\u001b[2mnode_modules/react-dom/cjs/react-dom.development.js\u001b[2m:25789:22)\u001b[22m\u001b[2m\u001b[22m\n\u001b[2m      \u001b[2mat flushActQueue (\u001b[22m\u001b[2mnode_modules/react/cjs/react.development.js\u001b[2m:2667:24)\u001b[22m\u001b[2m\u001b[22m\n\u001b[2m      \u001b[2mat act (\u001b[22m\u001b[2mnode_modules/react/cjs/react.development.js\u001b[2m:2582:11)\u001b[22m\u001b[2m\u001b[22m\n\u001b[2m      \u001b[2mat \u001b[22m\u001b[2mnode_modules/@testing-library/react/dist/act-compat.js\u001b[2m:47:25\u001b[22m\u001b[2m\u001b[22m\n\u001b[2m      \u001b[2mat renderRoot (\u001b[22m\u001b[2mnode_modules/@testing-library/react/dist/pure.js\u001b[2m:190:26)\u001b[22m\u001b[2m\u001b[22m\n\u001b[2m      \u001b[2mat render (\u001b[22m\u001b[2mnode_modules/@testing-library/react/dist/pure.js\u001b[2m:292:10)\u001b[22m\u001b[2m\u001b[22m\n\u001b[2m      \u001b[2mat renderHook (\u001b[22m\u001b[2mnode_modules/@testing-library/react/dist/pure.js\u001b[2m:340:7)\u001b[22m\u001b[2m\u001b[22m\n\u001b[2m      \u001b[2mat \u001b[22m\u001b[2m\u001b[0m\u001b[36msrc/components/Admin/__tests__/useAdminLogic.test.jsx\u001b[39m\u001b[0m\u001b[2m:101:34\u001b[22m\u001b[2m\u001b[22m\n\u001b[2m      \u001b[2mat Generator.call (\u001b[22m\u001b[2m\u001b[0m\u001b[36msrc/components/Admin/__tests__/useAdminLogic.test.jsx\u001b[39m\u001b[0m\u001b[2m:2:1)\u001b[22m\u001b[2m\u001b[22m\n\u001b[2m      \u001b[2mat Generator._invoke [as next] (\u001b[22m\u001b[2m\u001b[0m\u001b[36msrc/components/Admin/__tests__/useAdminLogic.test.jsx\u001b[39m\u001b[0m\u001b[2m:2:1)\u001b[22m\u001b[2m\u001b[22m\n\u001b[2m      \u001b[2mat asyncGeneratorStep (\u001b[22m\u001b[2m\u001b[0m\u001b[36msrc/components/Admin/__tests__/useAdminLogic.test.jsx\u001b[39m\u001b[0m\u001b[2m:2:1)\u001b[22m\u001b[2m\u001b[22m\n\u001b[2m      \u001b[2mat asyncGeneratorStep (\u001b[22m\u001b[2m\u001b[0m\u001b[36msrc/components/Admin/__tests__/useAdminLogic.test.jsx\u001b[39m\u001b[0m\u001b[2m:2:1)\u001b[22m\u001b[2m\u001b[22m\n\u001b[2m      \u001b[2mat _next (\u001b[22m\u001b[2m\u001b[0m\u001b[36msrc/components/Admin/__tests__/useAdminLogic.test.jsx\u001b[39m\u001b[0m\u001b[2m:2:1)\u001b[22m\u001b[2m\u001b[22m\n\u001b[2m      \u001b[2mat Object.<anonymous> (\u001b[22m\u001b[2m\u001b[0m\u001b[36msrc/components/Admin/__tests__/useAdminLogic.test.jsx\u001b[39m\u001b[0m\u001b[2m:2:1)\u001b[22m\u001b[2m\u001b[22m\n\n\u001b[1m\u001b[31m  \u001b[1m● \u001b[22m\u001b[1museAdminLogic › debería validar el formulario correctamente\u001b[39m\u001b[22m\n\n    TypeError: (0 , _useAdminLogic.useAdminLogic) is not a function\n\u001b[2m\u001b[22m\n\u001b[2m    \u001b[0m \u001b[90m 120 |\u001b[39m\u001b[22m\n\u001b[2m     \u001b[90m 121 |\u001b[39m   it(\u001b[32m'debería validar el formulario correctamente'\u001b[39m\u001b[33m,\u001b[39m () \u001b[33m=>\u001b[39m {\u001b[22m\n\u001b[2m    \u001b[31m\u001b[1m>\u001b[22m\u001b[2m\u001b[39m\u001b[90m 122 |\u001b[39m     \u001b[36mconst\u001b[39m { result } \u001b[33m=\u001b[39m renderHook(() \u001b[33m=>\u001b[39m useAdminLogic())\u001b[33m;\u001b[39m\u001b[22m\n\u001b[2m     \u001b[90m     |\u001b[39m                                                      \u001b[31m\u001b[1m^\u001b[22m\u001b[2m\u001b[39m\u001b[22m\n\u001b[2m     \u001b[90m 123 |\u001b[39m\u001b[22m\n\u001b[2m     \u001b[90m 124 |\u001b[39m     \u001b[90m// Caso 1: Formulario válido\u001b[39m\u001b[22m\n\u001b[2m     \u001b[90m 125 |\u001b[39m     act(() \u001b[33m=>\u001b[39m {\u001b[0m\u001b[22m\n\u001b[2m\u001b[22m\n\u001b[2m      \u001b[2mat \u001b[22m\u001b[2m\u001b[0m\u001b[36msrc/components/Admin/__tests__/useAdminLogic.test.jsx\u001b[39m\u001b[0m\u001b[2m:122:54\u001b[22m\u001b[2m\u001b[22m\n\u001b[2m      \u001b[2mat TestComponent (\u001b[22m\u001b[2mnode_modules/@testing-library/react/dist/pure.js\u001b[2m:331:27)\u001b[22m\u001b[2m\u001b[22m\n\u001b[2m      \u001b[2mat renderWithHooks (\u001b[22m\u001b[2mnode_modules/react-dom/cjs/react-dom.development.js\u001b[2m:15486:18)\u001b[22m\u001b[2m\u001b[22m\n\u001b[2m      \u001b[2mat mountIndeterminateComponent (\u001b[22m\u001b[2mnode_modules/react-dom/cjs/react-dom.development.js\u001b[2m:20103:13)\u001b[22m\u001b[2m\u001b[22m\n\u001b[2m      \u001b[2mat beginWork (\u001b[22m\u001b[2mnode_modules/react-dom/cjs/react-dom.development.js\u001b[2m:21626:16)\u001b[22m\u001b[2m\u001b[22m\n\u001b[2m      \u001b[2mat beginWork$1 (\u001b[22m\u001b[2mnode_modules/react-dom/cjs/react-dom.development.js\u001b[2m:27465:14)\u001b[22m\u001b[2m\u001b[22m\n\u001b[2m      \u001b[2mat performUnitOfWork (\u001b[22m\u001b[2mnode_modules/react-dom/cjs/react-dom.development.js\u001b[2m:26599:12)\u001b[22m\u001b[2m\u001b[22m\n\u001b[2m      \u001b[2mat workLoopSync (\u001b[22m\u001b[2mnode_modules/react-dom/cjs/react-dom.development.js\u001b[2m:26505:5)\u001b[22m\u001b[2m\u001b[22m\n\u001b[2m      \u001b[2mat renderRootSync (\u001b[22m\u001b[2mnode_modules/react-dom/cjs/react-dom.development.js\u001b[2m:26473:7)\u001b[22m\u001b[2m\u001b[22m\n\u001b[2m      \u001b[2mat recoverFromConcurrentError (\u001b[22m\u001b[2mnode_modules/react-dom/cjs/react-dom.development.js\u001b[2m:25889:20)\u001b[22m\u001b[2m\u001b[22m\n\u001b[2m      \u001b[2mat performConcurrentWorkOnRoot (\u001b[22m\u001b[2mnode_modules/react-dom/cjs/react-dom.development.js\u001b[2m:25789:22)\u001b[22m\u001b[2m\u001b[22m\n\u001b[2m      \u001b[2mat flushActQueue (\u001b[22m\u001b[2mnode_modules/react/cjs/react.development.js\u001b[2m:2667:24)\u001b[22m\u001b[2m\u001b[22m\n\u001b[2m      \u001b[2mat act (\u001b[22m\u001b[2mnode_modules/react/cjs/react.development.js\u001b[2m:2582:11)\u001b[22m\u001b[2m\u001b[22m\n\u001b[2m      \u001b[2mat \u001b[22m\u001b[2mnode_modules/@testing-library/react/dist/act-compat.js\u001b[2m:47:25\u001b[22m\u001b[2m\u001b[22m\n\u001b[2m      \u001b[2mat renderRoot (\u001b[22m\u001b[2mnode_modules/@testing-library/react/dist/pure.js\u001b[2m:190:26)\u001b[22m\u001b[2m\u001b[22m\n\u001b[2m      \u001b[2mat render (\u001b[22m\u001b[2mnode_modules/@testing-library/react/dist/pure.js\u001b[2m:292:10)\u001b[22m\u001b[2m\u001b[22m\n\u001b[2m      \u001b[2mat renderHook (\u001b[22m\u001b[2mnode_modules/@testing-library/react/dist/pure.js\u001b[2m:340:7)\u001b[22m\u001b[2m\u001b[22m\n\u001b[2m      \u001b[2mat Object.<anonymous> (\u001b[22m\u001b[2m\u001b[0m\u001b[36msrc/components/Admin/__tests__/useAdminLogic.test.jsx\u001b[39m\u001b[0m\u001b[2m:122:34)\u001b[22m\u001b[2m\u001b[22m\n\n\u001b[1m\u001b[31m  \u001b[1m● \u001b[22m\u001b[1museAdminLogic › debería guardar un nuevo usuario correctamente\u001b[39m\u001b[22m\n\n    TypeError: (0 , _useAdminLogic.useAdminLogic) is not a function\n\u001b[2m\u001b[22m\n\u001b[2m    \u001b[0m \u001b[90m 157 |\u001b[39m\u001b[22m\n\u001b[2m     \u001b[90m 158 |\u001b[39m   it(\u001b[32m'debería guardar un nuevo usuario correctamente'\u001b[39m\u001b[33m,\u001b[39m \u001b[36masync\u001b[39m () \u001b[33m=>\u001b[39m {\u001b[22m\n\u001b[2m    \u001b[31m\u001b[1m>\u001b[22m\u001b[2m\u001b[39m\u001b[90m 159 |\u001b[39m     \u001b[36mconst\u001b[39m { result } \u001b[33m=\u001b[39m renderHook(() \u001b[33m=>\u001b[39m useAdminLogic())\u001b[33m;\u001b[39m\u001b[22m\n\u001b[2m     \u001b[90m     |\u001b[39m                                                      \u001b[31m\u001b[1m^\u001b[22m\u001b[2m\u001b[39m\u001b[22m\n\u001b[2m     \u001b[90m 160 |\u001b[39m     \u001b[36mconst\u001b[39m newUser \u001b[33m=\u001b[39m {\u001b[22m\n\u001b[2m     \u001b[90m 161 |\u001b[39m       nombre\u001b[33m:\u001b[39m \u001b[32m'Nuevo Usuario'\u001b[39m\u001b[33m,\u001b[39m\u001b[22m\n\u001b[2m     \u001b[90m 162 |\u001b[39m       email\u001b[33m:\u001b[39m \u001b[32m'nuevo@example.com'\u001b[39m\u001b[33m,\u001b[39m\u001b[0m\u001b[22m\n\u001b[2m\u001b[22m\n\u001b[2m      \u001b[2mat \u001b[22m\u001b[2m\u001b[0m\u001b[36msrc/components/Admin/__tests__/useAdminLogic.test.jsx\u001b[39m\u001b[0m\u001b[2m:159:54\u001b[22m\u001b[2m\u001b[22m\n\u001b[2m      \u001b[2mat TestComponent (\u001b[22m\u001b[2mnode_modules/@testing-library/react/dist/pure.js\u001b[2m:331:27)\u001b[22m\u001b[2m\u001b[22m\n\u001b[2m      \u001b[2mat renderWithHooks (\u001b[22m\u001b[2mnode_modules/react-dom/cjs/react-dom.development.js\u001b[2m:15486:18)\u001b[22m\u001b[2m\u001b[22m\n\u001b[2m      \u001b[2mat mountIndeterminateComponent (\u001b[22m\u001b[2mnode_modules/react-dom/cjs/react-dom.development.js\u001b[2m:20103:13)\u001b[22m\u001b[2m\u001b[22m\n\u001b[2m      \u001b[2mat beginWork (\u001b[22m\u001b[2mnode_modules/react-dom/cjs/react-dom.development.js\u001b[2m:21626:16)\u001b[22m\u001b[2m\u001b[22m\n\u001b[2m      \u001b[2mat beginWork$1 (\u001b[22m\u001b[2mnode_modules/react-dom/cjs/react-dom.development.js\u001b[2m:27465:14)\u001b[22m\u001b[2m\u001b[22m\n\u001b[2m      \u001b[2mat performUnitOfWork (\u001b[22m\u001b[2mnode_modules/react-dom/cjs/react-dom.development.js\u001b[2m:26599:12)\u001b[22m\u001b[2m\u001b[22m\n\u001b[2m      \u001b[2mat workLoopSync (\u001b[22m\u001b[2mnode_modules/react-dom/cjs/react-dom.development.js\u001b[2m:26505:5)\u001b[22m\u001b[2m\u001b[22m\n\u001b[2m      \u001b[2mat renderRootSync (\u001b[22m\u001b[2mnode_modules/react-dom/cjs/react-dom.development.js\u001b[2m:26473:7)\u001b[22m\u001b[2m\u001b[22m\n\u001b[2m      \u001b[2mat recoverFromConcurrentError (\u001b[22m\u001b[2mnode_modules/react-dom/cjs/react-dom.development.js\u001b[2m:25889:20)\u001b[22m\u001b[2m\u001b[22m\n\u001b[2m      \u001b[2mat performConcurrentWorkOnRoot (\u001b[22m\u001b[2mnode_modules/react-dom/cjs/react-dom.development.js\u001b[2m:25789:22)\u001b[22m\u001b[2m\u001b[22m\n\u001b[2m      \u001b[2mat flushActQueue (\u001b[22m\u001b[2mnode_modules/react/cjs/react.development.js\u001b[2m:2667:24)\u001b[22m\u001b[2m\u001b[22m\n\u001b[2m      \u001b[2mat act (\u001b[22m\u001b[2mnode_modules/react/cjs/react.development.js\u001b[2m:2582:11)\u001b[22m\u001b[2m\u001b[22m\n\u001b[2m      \u001b[2mat \u001b[22m\u001b[2mnode_modules/@testing-library/react/dist/act-compat.js\u001b[2m:47:25\u001b[22m\u001b[2m\u001b[22m\n\u001b[2m      \u001b[2mat renderRoot (\u001b[22m\u001b[2mnode_modules/@testing-library/react/dist/pure.js\u001b[2m:190:26)\u001b[22m\u001b[2m\u001b[22m\n\u001b[2m      \u001b[2mat render (\u001b[22m\u001b[2mnode_modules/@testing-library/react/dist/pure.js\u001b[2m:292:10)\u001b[22m\u001b[2m\u001b[22m\n\u001b[2m      \u001b[2mat renderHook (\u001b[22m\u001b[2mnode_modules/@testing-library/react/dist/pure.js\u001b[2m:340:7)\u001b[22m\u001b[2m\u001b[22m\n\u001b[2m      \u001b[2mat \u001b[22m\u001b[2m\u001b[0m\u001b[36msrc/components/Admin/__tests__/useAdminLogic.test.jsx\u001b[39m\u001b[0m\u001b[2m:159:34\u001b[22m\u001b[2m\u001b[22m\n\u001b[2m      \u001b[2mat Generator.call (\u001b[22m\u001b[2m\u001b[0m\u001b[36msrc/components/Admin/__tests__/useAdminLogic.test.jsx\u001b[39m\u001b[0m\u001b[2m:2:1)\u001b[22m\u001b[2m\u001b[22m\n\u001b[2m      \u001b[2mat Generator._invoke [as next] (\u001b[22m\u001b[2m\u001b[0m\u001b[36msrc/components/Admin/__tests__/useAdminLogic.test.jsx\u001b[39m\u001b[0m\u001b[2m:2:1)\u001b[22m\u001b[2m\u001b[22m\n\u001b[2m      \u001b[2mat asyncGeneratorStep (\u001b[22m\u001b[2m\u001b[0m\u001b[36msrc/components/Admin/__tests__/useAdminLogic.test.jsx\u001b[39m\u001b[0m\u001b[2m:2:1)\u001b[22m\u001b[2m\u001b[22m\n\u001b[2m      \u001b[2mat asyncGeneratorStep (\u001b[22m\u001b[2m\u001b[0m\u001b[36msrc/components/Admin/__tests__/useAdminLogic.test.jsx\u001b[39m\u001b[0m\u001b[2m:2:1)\u001b[22m\u001b[2m\u001b[22m\n\u001b[2m      \u001b[2mat _next (\u001b[22m\u001b[2m\u001b[0m\u001b[36msrc/components/Admin/__tests__/useAdminLogic.test.jsx\u001b[39m\u001b[0m\u001b[2m:2:1)\u001b[22m\u001b[2m\u001b[22m\n\u001b[2m      \u001b[2mat Object.<anonymous> (\u001b[22m\u001b[2m\u001b[0m\u001b[36msrc/components/Admin/__tests__/useAdminLogic.test.jsx\u001b[39m\u001b[0m\u001b[2m:2:1)\u001b[22m\u001b[2m\u001b[22m\n\n\u001b[1m\u001b[31m  \u001b[1m● \u001b[22m\u001b[1museAdminLogic › debería actualizar un usuario existente correctamente\u001b[39m\u001b[22m\n\n    TypeError: (0 , _useAdminLogic.useAdminLogic) is not a function\n\u001b[2m\u001b[22m\n\u001b[2m    \u001b[0m \u001b[90m 184 |\u001b[39m\u001b[22m\n\u001b[2m     \u001b[90m 185 |\u001b[39m   it(\u001b[32m'debería actualizar un usuario existente correctamente'\u001b[39m\u001b[33m,\u001b[39m \u001b[36masync\u001b[39m () \u001b[33m=>\u001b[39m {\u001b[22m\n\u001b[2m    \u001b[31m\u001b[1m>\u001b[22m\u001b[2m\u001b[39m\u001b[90m 186 |\u001b[39m     \u001b[36mconst\u001b[39m { result } \u001b[33m=\u001b[39m renderHook(() \u001b[33m=>\u001b[39m useAdminLogic())\u001b[33m;\u001b[39m\u001b[22m\n\u001b[2m     \u001b[90m     |\u001b[39m                                                      \u001b[31m\u001b[1m^\u001b[22m\u001b[2m\u001b[39m\u001b[22m\n\u001b[2m     \u001b[90m 187 |\u001b[39m     \u001b[36mconst\u001b[39m usuarioToEdit \u001b[33m=\u001b[39m mockUsuarios[\u001b[35m0\u001b[39m]\u001b[33m;\u001b[39m\u001b[22m\n\u001b[2m     \u001b[90m 188 |\u001b[39m     \u001b[36mconst\u001b[39m updatedData \u001b[33m=\u001b[39m {\u001b[22m\n\u001b[2m     \u001b[90m 189 |\u001b[39m       \u001b[33m...\u001b[39musuarioToEdit\u001b[33m,\u001b[39m\u001b[0m\u001b[22m\n\u001b[2m\u001b[22m\n\u001b[2m      \u001b[2mat \u001b[22m\u001b[2m\u001b[0m\u001b[36msrc/components/Admin/__tests__/useAdminLogic.test.jsx\u001b[39m\u001b[0m\u001b[2m:186:54\u001b[22m\u001b[2m\u001b[22m\n\u001b[2m      \u001b[2mat TestComponent (\u001b[22m\u001b[2mnode_modules/@testing-library/react/dist/pure.js\u001b[2m:331:27)\u001b[22m\u001b[2m\u001b[22m\n\u001b[2m      \u001b[2mat renderWithHooks (\u001b[22m\u001b[2mnode_modules/react-dom/cjs/react-dom.development.js\u001b[2m:15486:18)\u001b[22m\u001b[2m\u001b[22m\n\u001b[2m      \u001b[2mat mountIndeterminateComponent (\u001b[22m\u001b[2mnode_modules/react-dom/cjs/react-dom.development.js\u001b[2m:20103:13)\u001b[22m\u001b[2m\u001b[22m\n\u001b[2m      \u001b[2mat beginWork (\u001b[22m\u001b[2mnode_modules/react-dom/cjs/react-dom.development.js\u001b[2m:21626:16)\u001b[22m\u001b[2m\u001b[22m\n\u001b[2m      \u001b[2mat beginWork$1 (\u001b[22m\u001b[2mnode_modules/react-dom/cjs/react-dom.development.js\u001b[2m:27465:14)\u001b[22m\u001b[2m\u001b[22m\n\u001b[2m      \u001b[2mat performUnitOfWork (\u001b[22m\u001b[2mnode_modules/react-dom/cjs/react-dom.development.js\u001b[2m:26599:12)\u001b[22m\u001b[2m\u001b[22m\n\u001b[2m      \u001b[2mat workLoopSync (\u001b[22m\u001b[2mnode_modules/react-dom/cjs/react-dom.development.js\u001b[2m:26505:5)\u001b[22m\u001b[2m\u001b[22m\n\u001b[2m      \u001b[2mat renderRootSync (\u001b[22m\u001b[2mnode_modules/react-dom/cjs/react-dom.development.js\u001b[2m:26473:7)\u001b[22m\u001b[2m\u001b[22m\n\u001b[2m      \u001b[2mat recoverFromConcurrentError (\u001b[22m\u001b[2mnode_modules/react-dom/cjs/react-dom.development.js\u001b[2m:25889:20)\u001b[22m\u001b[2m\u001b[22m\n\u001b[2m      \u001b[2mat performConcurrentWorkOnRoot (\u001b[22m\u001b[2mnode_modules/react-dom/cjs/react-dom.development.js\u001b[2m:25789:22)\u001b[22m\u001b[2m\u001b[22m\n\u001b[2m      \u001b[2mat flushActQueue (\u001b[22m\u001b[2mnode_modules/react/cjs/react.development.js\u001b[2m:2667:24)\u001b[22m\u001b[2m\u001b[22m\n\u001b[2m      \u001b[2mat act (\u001b[22m\u001b[2mnode_modules/react/cjs/react.development.js\u001b[2m:2582:11)\u001b[22m\u001b[2m\u001b[22m\n\u001b[2m      \u001b[2mat \u001b[22m\u001b[2mnode_modules/@testing-library/react/dist/act-compat.js\u001b[2m:47:25\u001b[22m\u001b[2m\u001b[22m\n\u001b[2m      \u001b[2mat renderRoot (\u001b[22m\u001b[2mnode_modules/@testing-library/react/dist/pure.js\u001b[2m:190:26)\u001b[22m\u001b[2m\u001b[22m\n\u001b[2m      \u001b[2mat render (\u001b[22m\u001b[2mnode_modules/@testing-library/react/dist/pure.js\u001b[2m:292:10)\u001b[22m\u001b[2m\u001b[22m\n\u001b[2m      \u001b[2mat renderHook (\u001b[22m\u001b[2mnode_modules/@testing-library/react/dist/pure.js\u001b[2m:340:7)\u001b[22m\u001b[2m\u001b[22m\n\u001b[2m      \u001b[2mat \u001b[22m\u001b[2m\u001b[0m\u001b[36msrc/components/Admin/__tests__/useAdminLogic.test.jsx\u001b[39m\u001b[0m\u001b[2m:186:34\u001b[22m\u001b[2m\u001b[22m\n\u001b[2m      \u001b[2mat Generator.call (\u001b[22m\u001b[2m\u001b[0m\u001b[36msrc/components/Admin/__tests__/useAdminLogic.test.jsx\u001b[39m\u001b[0m\u001b[2m:2:1)\u001b[22m\u001b[2m\u001b[22m\n\u001b[2m      \u001b[2mat Generator._invoke [as next] (\u001b[22m\u001b[2m\u001b[0m\u001b[36msrc/components/Admin/__tests__/useAdminLogic.test.jsx\u001b[39m\u001b[0m\u001b[2m:2:1)\u001b[22m\u001b[2m\u001b[22m\n\u001b[2m      \u001b[2mat asyncGeneratorStep (\u001b[22m\u001b[2m\u001b[0m\u001b[36msrc/components/Admin/__tests__/useAdminLogic.test.jsx\u001b[39m\u001b[0m\u001b[2m:2:1)\u001b[22m\u001b[2m\u001b[22m\n\u001b[2m      \u001b[2mat asyncGeneratorStep (\u001b[22m\u001b[2m\u001b[0m\u001b[36msrc/components/Admin/__tests__/useAdminLogic.test.jsx\u001b[39m\u001b[0m\u001b[2m:2:1)\u001b[22m\u001b[2m\u001b[22m\n\u001b[2m      \u001b[2mat _next (\u001b[22m\u001b[2m\u001b[0m\u001b[36msrc/components/Admin/__tests__/useAdminLogic.test.jsx\u001b[39m\u001b[0m\u001b[2m:2:1)\u001b[22m\u001b[2m\u001b[22m\n\u001b[2m      \u001b[2mat Object.<anonymous> (\u001b[22m\u001b[2m\u001b[0m\u001b[36msrc/components/Admin/__tests__/useAdminLogic.test.jsx\u001b[39m\u001b[0m\u001b[2m:2:1)\u001b[22m\u001b[2m\u001b[22m\n\n\u001b[1m\u001b[31m  \u001b[1m● \u001b[22m\u001b[1museAdminLogic › debería obtener el color correcto para cada rol\u001b[39m\u001b[22m\n\n    TypeError: (0 , _useAdminLogic.useAdminLogic) is not a function\n\u001b[2m\u001b[22m\n\u001b[2m    \u001b[0m \u001b[90m 209 |\u001b[39m\u001b[22m\n\u001b[2m     \u001b[90m 210 |\u001b[39m   it(\u001b[32m'debería obtener el color correcto para cada rol'\u001b[39m\u001b[33m,\u001b[39m () \u001b[33m=>\u001b[39m {\u001b[22m\n\u001b[2m    \u001b[31m\u001b[1m>\u001b[22m\u001b[2m\u001b[39m\u001b[90m 211 |\u001b[39m     \u001b[36mconst\u001b[39m { result } \u001b[33m=\u001b[39m renderHook(() \u001b[33m=>\u001b[39m useAdminLogic())\u001b[33m;\u001b[39m\u001b[22m\n\u001b[2m     \u001b[90m     |\u001b[39m                                                      \u001b[31m\u001b[1m^\u001b[22m\u001b[2m\u001b[39m\u001b[22m\n\u001b[2m     \u001b[90m 212 |\u001b[39m\u001b[22m\n\u001b[2m     \u001b[90m 213 |\u001b[39m     expect(result\u001b[33m.\u001b[39mcurrent\u001b[33m.\u001b[39mgetRolColor(\u001b[32m'DUEÑO'\u001b[39m))\u001b[33m.\u001b[39mtoBe(\u001b[32m'var(--sapIndicationColor_1)'\u001b[39m)\u001b[33m;\u001b[39m\u001b[22m\n\u001b[2m     \u001b[90m 214 |\u001b[39m     expect(result\u001b[33m.\u001b[39mcurrent\u001b[33m.\u001b[39mgetRolColor(\u001b[32m'ADMIN'\u001b[39m))\u001b[33m.\u001b[39mtoBe(\u001b[32m'var(--sapIndicationColor_3)'\u001b[39m)\u001b[33m;\u001b[39m\u001b[0m\u001b[22m\n\u001b[2m\u001b[22m\n\u001b[2m      \u001b[2mat \u001b[22m\u001b[2m\u001b[0m\u001b[36msrc/components/Admin/__tests__/useAdminLogic.test.jsx\u001b[39m\u001b[0m\u001b[2m:211:54\u001b[22m\u001b[2m\u001b[22m\n\u001b[2m      \u001b[2mat TestComponent (\u001b[22m\u001b[2mnode_modules/@testing-library/react/dist/pure.js\u001b[2m:331:27)\u001b[22m\u001b[2m\u001b[22m\n\u001b[2m      \u001b[2mat renderWithHooks (\u001b[22m\u001b[2mnode_modules/react-dom/cjs/react-dom.development.js\u001b[2m:15486:18)\u001b[22m\u001b[2m\u001b[22m\n\u001b[2m      \u001b[2mat mountIndeterminateComponent (\u001b[22m\u001b[2mnode_modules/react-dom/cjs/react-dom.development.js\u001b[2m:20103:13)\u001b[22m\u001b[2m\u001b[22m\n\u001b[2m      \u001b[2mat beginWork (\u001b[22m\u001b[2mnode_modules/react-dom/cjs/react-dom.development.js\u001b[2m:21626:16)\u001b[22m\u001b[2m\u001b[22m\n\u001b[2m      \u001b[2mat beginWork$1 (\u001b[22m\u001b[2mnode_modules/react-dom/cjs/react-dom.development.js\u001b[2m:27465:14)\u001b[22m\u001b[2m\u001b[22m\n\u001b[2m      \u001b[2mat performUnitOfWork (\u001b[22m\u001b[2mnode_modules/react-dom/cjs/react-dom.development.js\u001b[2m:26599:12)\u001b[22m\u001b[2m\u001b[22m\n\u001b[2m      \u001b[2mat workLoopSync (\u001b[22m\u001b[2mnode_modules/react-dom/cjs/react-dom.development.js\u001b[2m:26505:5)\u001b[22m\u001b[2m\u001b[22m\n\u001b[2m      \u001b[2mat renderRootSync (\u001b[22m\u001b[2mnode_modules/react-dom/cjs/react-dom.development.js\u001b[2m:26473:7)\u001b[22m\u001b[2m\u001b[22m\n\u001b[2m      \u001b[2mat recoverFromConcurrentError (\u001b[22m\u001b[2mnode_modules/react-dom/cjs/react-dom.development.js\u001b[2m:25889:20)\u001b[22m\u001b[2m\u001b[22m\n\u001b[2m      \u001b[2mat performConcurrentWorkOnRoot (\u001b[22m\u001b[2mnode_modules/react-dom/cjs/react-dom.development.js\u001b[2m:25789:22)\u001b[22m\u001b[2m\u001b[22m\n\u001b[2m      \u001b[2mat flushActQueue (\u001b[22m\u001b[2mnode_modules/react/cjs/react.development.js\u001b[2m:2667:24)\u001b[22m\u001b[2m\u001b[22m\n\u001b[2m      \u001b[2mat act (\u001b[22m\u001b[2mnode_modules/react/cjs/react.development.js\u001b[2m:2582:11)\u001b[22m\u001b[2m\u001b[22m\n\u001b[2m      \u001b[2mat \u001b[22m\u001b[2mnode_modules/@testing-library/react/dist/act-compat.js\u001b[2m:47:25\u001b[22m\u001b[2m\u001b[22m\n\u001b[2m      \u001b[2mat renderRoot (\u001b[22m\u001b[2mnode_modules/@testing-library/react/dist/pure.js\u001b[2m:190:26)\u001b[22m\u001b[2m\u001b[22m\n\u001b[2m      \u001b[2mat render (\u001b[22m\u001b[2mnode_modules/@testing-library/react/dist/pure.js\u001b[2m:292:10)\u001b[22m\u001b[2m\u001b[22m\n\u001b[2m      \u001b[2mat renderHook (\u001b[22m\u001b[2mnode_modules/@testing-library/react/dist/pure.js\u001b[2m:340:7)\u001b[22m\u001b[2m\u001b[22m\n\u001b[2m      \u001b[2mat Object.<anonymous> (\u001b[22m\u001b[2m\u001b[0m\u001b[36msrc/components/Admin/__tests__/useAdminLogic.test.jsx\u001b[39m\u001b[0m\u001b[2m:211:34)\u001b[22m\u001b[2m\u001b[22m\n\n\u001b[1m\u001b[31m  \u001b[1m● \u001b[22m\u001b[1museAdminLogic › debería obtener las iniciales correctamente\u001b[39m\u001b[22m\n\n    TypeError: (0 , _useAdminLogic.useAdminLogic) is not a function\n\u001b[2m\u001b[22m\n\u001b[2m    \u001b[0m \u001b[90m 219 |\u001b[39m\u001b[22m\n\u001b[2m     \u001b[90m 220 |\u001b[39m   it(\u001b[32m'debería obtener las iniciales correctamente'\u001b[39m\u001b[33m,\u001b[39m () \u001b[33m=>\u001b[39m {\u001b[22m\n\u001b[2m    \u001b[31m\u001b[1m>\u001b[22m\u001b[2m\u001b[39m\u001b[90m 221 |\u001b[39m     \u001b[36mconst\u001b[39m { result } \u001b[33m=\u001b[39m renderHook(() \u001b[33m=>\u001b[39m useAdminLogic())\u001b[33m;\u001b[39m\u001b[22m\n\u001b[2m     \u001b[90m     |\u001b[39m                                                      \u001b[31m\u001b[1m^\u001b[22m\u001b[2m\u001b[39m\u001b[22m\n\u001b[2m     \u001b[90m 222 |\u001b[39m\u001b[22m\n\u001b[2m     \u001b[90m 223 |\u001b[39m     expect(result\u001b[33m.\u001b[39mcurrent\u001b[33m.\u001b[39mgetInitials(\u001b[32m'Juan Pérez'\u001b[39m))\u001b[33m.\u001b[39mtoBe(\u001b[32m'JP'\u001b[39m)\u001b[33m;\u001b[39m\u001b[22m\n\u001b[2m     \u001b[90m 224 |\u001b[39m     expect(result\u001b[33m.\u001b[39mcurrent\u001b[33m.\u001b[39mgetInitials(\u001b[32m'María García López'\u001b[39m))\u001b[33m.\u001b[39mtoBe(\u001b[32m'MGL'\u001b[39m)\u001b[33m;\u001b[39m\u001b[0m\u001b[22m\n\u001b[2m\u001b[22m\n\u001b[2m      \u001b[2mat \u001b[22m\u001b[2m\u001b[0m\u001b[36msrc/components/Admin/__tests__/useAdminLogic.test.jsx\u001b[39m\u001b[0m\u001b[2m:221:54\u001b[22m\u001b[2m\u001b[22m\n\u001b[2m      \u001b[2mat TestComponent (\u001b[22m\u001b[2mnode_modules/@testing-library/react/dist/pure.js\u001b[2m:331:27)\u001b[22m\u001b[2m\u001b[22m\n\u001b[2m      \u001b[2mat renderWithHooks (\u001b[22m\u001b[2mnode_modules/react-dom/cjs/react-dom.development.js\u001b[2m:15486:18)\u001b[22m\u001b[2m\u001b[22m\n\u001b[2m      \u001b[2mat mountIndeterminateComponent (\u001b[22m\u001b[2mnode_modules/react-dom/cjs/react-dom.development.js\u001b[2m:20103:13)\u001b[22m\u001b[2m\u001b[22m\n\u001b[2m      \u001b[2mat beginWork (\u001b[22m\u001b[2mnode_modules/react-dom/cjs/react-dom.development.js\u001b[2m:21626:16)\u001b[22m\u001b[2m\u001b[22m\n\u001b[2m      \u001b[2mat beginWork$1 (\u001b[22m\u001b[2mnode_modules/react-dom/cjs/react-dom.development.js\u001b[2m:27465:14)\u001b[22m\u001b[2m\u001b[22m\n\u001b[2m      \u001b[2mat performUnitOfWork (\u001b[22m\u001b[2mnode_modules/react-dom/cjs/react-dom.development.js\u001b[2m:26599:12)\u001b[22m\u001b[2m\u001b[22m\n\u001b[2m      \u001b[2mat workLoopSync (\u001b[22m\u001b[2mnode_modules/react-dom/cjs/react-dom.development.js\u001b[2m:26505:5)\u001b[22m\u001b[2m\u001b[22m\n\u001b[2m      \u001b[2mat renderRootSync (\u001b[22m\u001b[2mnode_modules/react-dom/cjs/react-dom.development.js\u001b[2m:26473:7)\u001b[22m\u001b[2m\u001b[22m\n\u001b[2m      \u001b[2mat recoverFromConcurrentError (\u001b[22m\u001b[2mnode_modules/react-dom/cjs/react-dom.development.js\u001b[2m:25889:20)\u001b[22m\u001b[2m\u001b[22m\n\u001b[2m      \u001b[2mat performConcurrentWorkOnRoot (\u001b[22m\u001b[2mnode_modules/react-dom/cjs/react-dom.development.js\u001b[2m:25789:22)\u001b[22m\u001b[2m\u001b[22m\n\u001b[2m      \u001b[2mat flushActQueue (\u001b[22m\u001b[2mnode_modules/react/cjs/react.development.js\u001b[2m:2667:24)\u001b[22m\u001b[2m\u001b[22m\n\u001b[2m      \u001b[2mat act (\u001b[22m\u001b[2mnode_modules/react/cjs/react.development.js\u001b[2m:2582:11)\u001b[22m\u001b[2m\u001b[22m\n\u001b[2m      \u001b[2mat \u001b[22m\u001b[2mnode_modules/@testing-library/react/dist/act-compat.js\u001b[2m:47:25\u001b[22m\u001b[2m\u001b[22m\n\u001b[2m      \u001b[2mat renderRoot (\u001b[22m\u001b[2mnode_modules/@testing-library/react/dist/pure.js\u001b[2m:190:26)\u001b[22m\u001b[2m\u001b[22m\n\u001b[2m      \u001b[2mat render (\u001b[22m\u001b[2mnode_modules/@testing-library/react/dist/pure.js\u001b[2m:292:10)\u001b[22m\u001b[2m\u001b[22m\n\u001b[2m      \u001b[2mat renderHook (\u001b[22m\u001b[2mnode_modules/@testing-library/react/dist/pure.js\u001b[2m:340:7)\u001b[22m\u001b[2m\u001b[22m\n\u001b[2m      \u001b[2mat Object.<anonymous> (\u001b[22m\u001b[2m\u001b[0m\u001b[36msrc/components/Admin/__tests__/useAdminLogic.test.jsx\u001b[39m\u001b[0m\u001b[2m:221:34)\u001b[22m\u001b[2m\u001b[22m\n","name":"/Users/hugolozano/Desktop/spidersapfinal/SpiderSystem/Front2/src/components/Admin/__tests__/useAdminLogic.test.jsx","startTime":1749515841641,"status":"failed","summary":""},{"assertionResults":[{"ancestorTitles":["useAnalisisInv"],"duration":15,"failureDetails":[],"failureMessages":[],"fullName":"useAnalisisInv debería inicializar con el año actual","invocations":1,"location":{"column":3,"line":58},"numPassingAsserts":1,"retryReasons":[],"status":"passed","title":"debería inicializar con el año actual"},{"ancestorTitles":["useAnalisisInv"],"duration":6,"failureDetails":[],"failureMessages":[],"fullName":"useAnalisisInv debería cargar datos de análisis de inventario","invocations":1,"location":{"column":3,"line":63},"numPassingAsserts":4,"retryReasons":[],"status":"passed","title":"debería cargar datos de análisis de inventario"},{"ancestorTitles":["useAnalisisInv"],"duration":5,"failureDetails":[],"failureMessages":[],"fullName":"useAnalisisInv debería manejar errores al cargar datos","invocations":1,"location":{"column":3,"line":76},"numPassingAsserts":3,"retryReasons":[],"status":"passed","title":"debería manejar errores al cargar datos"},{"ancestorTitles":["useAnalisisInv"],"duration":3,"failureDetails":[],"failureMessages":[],"fullName":"useAnalisisInv debería cambiar el año y recargar datos","invocations":1,"location":{"column":3,"line":91},"numPassingAsserts":2,"retryReasons":[],"status":"passed","title":"debería cambiar el año y recargar datos"},{"ancestorTitles":["useAnalisisInv"],"duration":3,"failureDetails":[],"failureMessages":[],"fullName":"useAnalisisInv debería obtener productos por estado","invocations":1,"location":{"column":3,"line":102},"numPassingAsserts":2,"retryReasons":[],"status":"passed","title":"debería obtener productos por estado"},{"ancestorTitles":["useAnalisisInv"],"duration":2,"failureDetails":[],"failureMessages":[],"fullName":"useAnalisisInv debería obtener el producto con mayor exceso","invocations":1,"location":{"column":3,"line":114},"numPassingAsserts":2,"retryReasons":[],"status":"passed","title":"debería obtener el producto con mayor exceso"},{"ancestorTitles":["useAnalisisInv"],"duration":2,"failureDetails":[],"failureMessages":[],"fullName":"useAnalisisInv debería obtener el producto con mayor déficit","invocations":1,"location":{"column":3,"line":126},"numPassingAsserts":2,"retryReasons":[],"status":"passed","title":"debería obtener el producto con mayor déficit"},{"ancestorTitles":["useAnalisisInv"],"duration":3,"failureDetails":[],"failureMessages":[],"fullName":"useAnalisisInv debería limpiar los datos correctamente","invocations":1,"location":{"column":3,"line":138},"numPassingAsserts":5,"retryReasons":[],"status":"passed","title":"debería limpiar los datos correctamente"}],"endTime":1749515842443,"message":"","name":"/Users/hugolozano/Desktop/spidersapfinal/SpiderSystem/Front2/src/hooks/__tests__/useAnalisisInv.test.jsx","startTime":1749515842293,"status":"passed","summary":""}],"wasInterrupted":false}
